{"/home/travis/build/npmtest/node-npmtest-jpm/test.js":{"path":"/home/travis/build/npmtest/node-npmtest-jpm/test.js","s":{"1":2,"2":2,"3":2,"4":2,"5":2,"6":2,"7":2,"8":1,"9":2,"10":2,"11":1,"12":1,"13":1,"14":1,"15":2,"16":2,"17":2,"18":2,"19":1,"20":1,"21":2,"22":2,"23":2,"24":1,"25":1,"26":1,"27":1,"28":1,"29":1,"30":1,"31":1,"32":1,"33":1,"34":1,"35":1,"36":1,"37":1,"38":1,"39":2,"40":2,"41":1,"42":2,"43":2,"44":1,"45":2,"46":2,"47":1,"48":2,"49":2,"50":1,"51":1,"52":1,"53":1,"54":1},"b":{"1":[2,1,1,1],"2":[1,1,1,1],"3":[1,1],"4":[1,1],"5":[1,1],"6":[1,1],"7":[1,1],"8":[1,1],"9":[1,1],"10":[1,1,1],"11":[1,1],"12":[1,1],"13":[1,1],"14":[1,1],"15":[1,1],"16":[1,1],"17":[1,1]},"f":{"1":2,"2":2,"3":2,"4":2,"5":2,"6":1,"7":1,"8":1,"9":2,"10":2,"11":2,"12":2,"13":1},"fnMap":{"1":{"name":"(anonymous_1)","line":12,"loc":{"start":{"line":12,"column":1},"end":{"line":12,"column":13}}},"2":{"name":"(anonymous_2)","line":19,"loc":{"start":{"line":19,"column":5},"end":{"line":19,"column":17}}},"3":{"name":"(anonymous_3)","line":23,"loc":{"start":{"line":23,"column":24},"end":{"line":23,"column":36}}},"4":{"name":"(anonymous_4)","line":61,"loc":{"start":{"line":61,"column":5},"end":{"line":61,"column":17}}},"5":{"name":"(anonymous_5)","line":82,"loc":{"start":{"line":82,"column":5},"end":{"line":82,"column":17}}},"6":{"name":"(anonymous_6)","line":91,"loc":{"start":{"line":91,"column":77},"end":{"line":94,"column":10}}},"7":{"name":"(anonymous_7)","line":112,"loc":{"start":{"line":112,"column":83},"end":{"line":115,"column":10}},"skip":true},"8":{"name":"(anonymous_8)","line":123,"loc":{"start":{"line":123,"column":77},"end":{"line":126,"column":10}},"skip":true},"9":{"name":"(anonymous_9)","line":139,"loc":{"start":{"line":139,"column":12},"end":{"line":139,"column":40}},"skip":true},"10":{"name":"(anonymous_10)","line":147,"loc":{"start":{"line":147,"column":77},"end":{"line":150,"column":10}},"skip":true},"11":{"name":"(anonymous_11)","line":158,"loc":{"start":{"line":158,"column":83},"end":{"line":161,"column":10}},"skip":true},"12":{"name":"(anonymous_12)","line":169,"loc":{"start":{"line":169,"column":79},"end":{"line":172,"column":10}},"skip":true},"13":{"name":"(anonymous_13)","line":180,"loc":{"start":{"line":180,"column":75},"end":{"line":183,"column":10}},"skip":true}},"statementMap":{"1":{"start":{"line":12,"column":0},"end":{"line":195,"column":5}},"2":{"start":{"line":14,"column":4},"end":{"line":14,"column":14}},"3":{"start":{"line":19,"column":4},"end":{"line":56,"column":9}},"4":{"start":{"line":21,"column":8},"end":{"line":21,"column":19}},"5":{"start":{"line":23,"column":8},"end":{"line":35,"column":13}},"6":{"start":{"line":24,"column":12},"end":{"line":34,"column":13}},"7":{"start":{"line":25,"column":16},"end":{"line":28,"column":30}},"8":{"start":{"line":30,"column":16},"end":{"line":33,"column":27}},"9":{"start":{"line":37,"column":8},"end":{"line":39,"column":21}},"10":{"start":{"line":40,"column":8},"end":{"line":53,"column":9}},"11":{"start":{"line":43,"column":12},"end":{"line":46,"column":14}},"12":{"start":{"line":47,"column":12},"end":{"line":47,"column":18}},"13":{"start":{"line":50,"column":12},"end":{"line":51,"column":33}},"14":{"start":{"line":52,"column":12},"end":{"line":52,"column":18}},"15":{"start":{"line":55,"column":8},"end":{"line":55,"column":35}},"16":{"start":{"line":61,"column":4},"end":{"line":63,"column":9}},"17":{"start":{"line":62,"column":8},"end":{"line":62,"column":15}},"18":{"start":{"line":64,"column":4},"end":{"line":77,"column":5}},"19":{"start":{"line":70,"column":8},"end":{"line":70,"column":14}},"20":{"start":{"line":76,"column":8},"end":{"line":76,"column":14}},"21":{"start":{"line":82,"column":4},"end":{"line":84,"column":9}},"22":{"start":{"line":83,"column":8},"end":{"line":83,"column":15}},"23":{"start":{"line":85,"column":4},"end":{"line":194,"column":5}},"24":{"start":{"line":91,"column":8},"end":{"line":99,"column":10}},"25":{"start":{"line":98,"column":12},"end":{"line":98,"column":35}},"26":{"start":{"line":102,"column":8},"end":{"line":104,"column":63}},"27":{"start":{"line":105,"column":8},"end":{"line":105,"column":14}},"28":{"start":{"line":112,"column":8},"end":{"line":121,"column":10},"skip":true},"29":{"start":{"line":119,"column":12},"end":{"line":119,"column":55},"skip":true},"30":{"start":{"line":120,"column":12},"end":{"line":120,"column":48},"skip":true},"31":{"start":{"line":123,"column":8},"end":{"line":136,"column":10},"skip":true},"32":{"start":{"line":130,"column":12},"end":{"line":130,"column":76},"skip":true},"33":{"start":{"line":131,"column":12},"end":{"line":131,"column":73},"skip":true},"34":{"start":{"line":132,"column":12},"end":{"line":132,"column":74},"skip":true},"35":{"start":{"line":133,"column":12},"end":{"line":133,"column":79},"skip":true},"36":{"start":{"line":134,"column":12},"end":{"line":134,"column":25},"skip":true},"37":{"start":{"line":135,"column":12},"end":{"line":135,"column":45},"skip":true},"38":{"start":{"line":138,"column":8},"end":{"line":145,"column":14},"skip":true},"39":{"start":{"line":143,"column":16},"end":{"line":143,"column":29},"skip":true},"40":{"start":{"line":144,"column":16},"end":{"line":144,"column":55},"skip":true},"41":{"start":{"line":147,"column":8},"end":{"line":156,"column":10},"skip":true},"42":{"start":{"line":154,"column":12},"end":{"line":154,"column":25},"skip":true},"43":{"start":{"line":155,"column":12},"end":{"line":155,"column":45},"skip":true},"44":{"start":{"line":158,"column":8},"end":{"line":167,"column":10},"skip":true},"45":{"start":{"line":165,"column":12},"end":{"line":165,"column":25},"skip":true},"46":{"start":{"line":166,"column":12},"end":{"line":166,"column":48},"skip":true},"47":{"start":{"line":169,"column":8},"end":{"line":178,"column":10},"skip":true},"48":{"start":{"line":176,"column":12},"end":{"line":176,"column":25},"skip":true},"49":{"start":{"line":177,"column":12},"end":{"line":177,"column":46},"skip":true},"50":{"start":{"line":180,"column":8},"end":{"line":189,"column":10},"skip":true},"51":{"start":{"line":187,"column":12},"end":{"line":187,"column":94},"skip":true},"52":{"start":{"line":188,"column":12},"end":{"line":188,"column":48},"skip":true},"53":{"start":{"line":192,"column":8},"end":{"line":192,"column":35},"skip":true},"54":{"start":{"line":193,"column":8},"end":{"line":193,"column":14},"skip":true}},"branchMap":{"1":{"line":25,"type":"binary-expr","locations":[{"start":{"line":25,"column":23},"end":{"line":25,"column":62}},{"start":{"line":26,"column":20},"end":{"line":26,"column":70}},{"start":{"line":27,"column":20},"end":{"line":27,"column":71}},{"start":{"line":28,"column":20},"end":{"line":28,"column":29}}]},"2":{"line":30,"type":"binary-expr","locations":[{"start":{"line":30,"column":23},"end":{"line":30,"column":37}},{"start":{"line":31,"column":20},"end":{"line":31,"column":61}},{"start":{"line":32,"column":20},"end":{"line":32,"column":70}},{"start":{"line":33,"column":20},"end":{"line":33,"column":26}}]},"3":{"line":37,"type":"cond-expr","locations":[{"start":{"line":38,"column":14},"end":{"line":38,"column":20}},{"start":{"line":39,"column":14},"end":{"line":39,"column":20}}]},"4":{"line":40,"type":"switch","locations":[{"start":{"line":42,"column":8},"end":{"line":47,"column":18}},{"start":{"line":49,"column":8},"end":{"line":52,"column":18}}]},"5":{"line":44,"type":"binary-expr","locations":[{"start":{"line":44,"column":16},"end":{"line":44,"column":44}},{"start":{"line":44,"column":48},"end":{"line":44,"column":66}}]},"6":{"line":50,"type":"binary-expr","locations":[{"start":{"line":50,"column":21},"end":{"line":50,"column":49}},{"start":{"line":50,"column":53},"end":{"line":50,"column":72}}]},"7":{"line":64,"type":"switch","locations":[{"start":{"line":69,"column":4},"end":{"line":70,"column":14}},{"start":{"line":75,"column":4},"end":{"line":76,"column":14}}]},"8":{"line":85,"type":"switch","locations":[{"start":{"line":90,"column":4},"end":{"line":105,"column":14}},{"start":{"line":111,"column":4},"end":{"line":193,"column":14},"skip":true}]},"9":{"line":91,"type":"binary-expr","locations":[{"start":{"line":91,"column":42},"end":{"line":91,"column":73}},{"start":{"line":91,"column":77},"end":{"line":99,"column":9}}]},"10":{"line":102,"type":"binary-expr","locations":[{"start":{"line":102,"column":18},"end":{"line":102,"column":32}},{"start":{"line":103,"column":12},"end":{"line":103,"column":53}},{"start":{"line":104,"column":12},"end":{"line":104,"column":61}}]},"11":{"line":112,"type":"binary-expr","locations":[{"start":{"line":112,"column":45},"end":{"line":112,"column":79},"skip":true},{"start":{"line":112,"column":83},"end":{"line":121,"column":9},"skip":true}]},"12":{"line":123,"type":"binary-expr","locations":[{"start":{"line":123,"column":42},"end":{"line":123,"column":73},"skip":true},{"start":{"line":123,"column":77},"end":{"line":136,"column":9},"skip":true}]},"13":{"line":138,"type":"binary-expr","locations":[{"start":{"line":138,"column":48},"end":{"line":138,"column":85},"skip":true},{"start":{"line":139,"column":12},"end":{"line":145,"column":13},"skip":true}]},"14":{"line":147,"type":"binary-expr","locations":[{"start":{"line":147,"column":42},"end":{"line":147,"column":73},"skip":true},{"start":{"line":147,"column":77},"end":{"line":156,"column":9},"skip":true}]},"15":{"line":158,"type":"binary-expr","locations":[{"start":{"line":158,"column":45},"end":{"line":158,"column":79},"skip":true},{"start":{"line":158,"column":83},"end":{"line":167,"column":9},"skip":true}]},"16":{"line":169,"type":"binary-expr","locations":[{"start":{"line":169,"column":43},"end":{"line":169,"column":75},"skip":true},{"start":{"line":169,"column":79},"end":{"line":178,"column":9},"skip":true}]},"17":{"line":180,"type":"binary-expr","locations":[{"start":{"line":180,"column":41},"end":{"line":180,"column":71},"skip":true},{"start":{"line":180,"column":75},"end":{"line":189,"column":9},"skip":true}]}},"code":["/* istanbul instrument in package npmtest_jpm */","/*jslint","    bitwise: true,","    browser: true,","    maxerr: 8,","    maxlen: 96,","    node: true,","    nomen: true,","    regexp: true,","    stupid: true","*/","(function () {","    'use strict';","    var local;","","","","    // run shared js-env code - pre-init","    (function () {","        // init local","        local = {};","        // init modeJs","        local.modeJs = (function () {","            try {","                return typeof navigator.userAgent === 'string' &&","                    typeof document.querySelector('body') === 'object' &&","                    typeof XMLHttpRequest.prototype.open === 'function' &&","                    'browser';","            } catch (errorCaughtBrowser) {","                return module.exports &&","                    typeof process.versions.node === 'string' &&","                    typeof require('http').createServer === 'function' &&","                    'node';","            }","        }());","        // init global","        local.global = local.modeJs === 'browser'","            ? window","            : global;","        switch (local.modeJs) {","        // re-init local from window.local","        case 'browser':","            local = local.global.utility2.objectSetDefault(","                local.global.utility2_rollup || local.global.local,","                local.global.utility2","            );","            break;","        // re-init local from example.js","        case 'node':","            local = (local.global.utility2_rollup || require('utility2'))","                .requireReadme();","            break;","        }","        // export local","        local.global.local = local;","    }());","","","","    // run shared js-env code - function","    (function () {","        return;","    }());","    switch (local.modeJs) {","","","","    // run browser js-env code - function","    case 'browser':","        break;","","","","    // run node js-env code - function","    case 'node':","        break;","    }","","","","    // run shared js-env code - post-init","    (function () {","        return;","    }());","    switch (local.modeJs) {","","","","    // run browser js-env code - post-init","    case 'browser':","        local.testCase_browser_nullCase = local.testCase_browser_nullCase || function (","            options,","            onError","        ) {","        /*","         * this function will test browsers's null-case handling-behavior-behavior","         */","            onError(null, options);","        };","","        // run tests","        local.nop(local.modeTest &&","            document.querySelector('#testRunButton1') &&","            document.querySelector('#testRunButton1').click());","        break;","","","","    // run node js-env code - post-init","    /* istanbul ignore next */","    case 'node':","        local.testCase_buildApidoc_default = local.testCase_buildApidoc_default || function (","            options,","            onError","        ) {","        /*","         * this function will test buildApidoc's default handling-behavior-behavior","         */","            options = { modulePathList: module.paths };","            local.buildApidoc(options, onError);","        };","","        local.testCase_buildApp_default = local.testCase_buildApp_default || function (","            options,","            onError","        ) {","        /*","         * this function will test buildApp's default handling-behavior-behavior","         */","            local.testCase_buildReadme_default(options, local.onErrorThrow);","            local.testCase_buildLib_default(options, local.onErrorThrow);","            local.testCase_buildTest_default(options, local.onErrorThrow);","            local.testCase_buildCustomOrg_default(options, local.onErrorThrow);","            options = [];","            local.buildApp(options, onError);","        };","","        local.testCase_buildCustomOrg_default = local.testCase_buildCustomOrg_default ||","            function (options, onError) {","            /*","             * this function will test buildCustomOrg's default handling-behavior","             */","                options = {};","                local.buildCustomOrg(options, onError);","            };","","        local.testCase_buildLib_default = local.testCase_buildLib_default || function (","            options,","            onError","        ) {","        /*","         * this function will test buildLib's default handling-behavior","         */","            options = {};","            local.buildLib(options, onError);","        };","","        local.testCase_buildReadme_default = local.testCase_buildReadme_default || function (","            options,","            onError","        ) {","        /*","         * this function will test buildReadme's default handling-behavior-behavior","         */","            options = {};","            local.buildReadme(options, onError);","        };","","        local.testCase_buildTest_default = local.testCase_buildTest_default || function (","            options,","            onError","        ) {","        /*","         * this function will test buildTest's default handling-behavior","         */","            options = {};","            local.buildTest(options, onError);","        };","","        local.testCase_webpage_default = local.testCase_webpage_default || function (","            options,","            onError","        ) {","        /*","         * this function will test webpage's default handling-behavior","         */","            options = { modeCoverageMerge: true, url: local.serverLocalHost + '?modeTest=1' };","            local.browserTest(options, onError);","        };","","        // run test-server","        local.testRunServer(local);","        break;","    }","}());",""],"l":{"12":2,"14":2,"19":2,"21":2,"23":2,"24":2,"25":2,"30":1,"37":2,"40":2,"43":1,"47":1,"50":1,"52":1,"55":2,"61":2,"62":2,"64":2,"70":1,"76":1,"82":2,"83":2,"85":2,"91":1,"98":1,"102":1,"105":1,"112":1,"119":1,"120":1,"123":1,"130":1,"131":1,"132":1,"133":1,"134":1,"135":1,"138":1,"143":2,"144":2,"147":1,"154":2,"155":2,"158":1,"165":2,"166":2,"169":1,"176":2,"177":2,"180":1,"187":1,"188":1,"192":1,"193":1}},"/home/travis/build/npmtest/node-npmtest-jpm/lib.npmtest_jpm.js":{"path":"/home/travis/build/npmtest/node-npmtest-jpm/lib.npmtest_jpm.js","s":{"1":2,"2":2,"3":2,"4":2,"5":2,"6":2,"7":2,"8":1,"9":2,"10":2,"11":2,"12":2,"13":1,"14":1,"15":1,"16":1},"b":{"1":[2,1,1,1],"2":[1,1,1,1],"3":[1,1],"4":[2,2],"5":[1,1]},"f":{"1":2,"2":2,"3":2},"fnMap":{"1":{"name":"(anonymous_1)","line":12,"loc":{"start":{"line":12,"column":1},"end":{"line":12,"column":13}}},"2":{"name":"(anonymous_2)","line":19,"loc":{"start":{"line":19,"column":5},"end":{"line":19,"column":17}}},"3":{"name":"(anonymous_3)","line":23,"loc":{"start":{"line":23,"column":24},"end":{"line":23,"column":36}}}},"statementMap":{"1":{"start":{"line":12,"column":0},"end":{"line":53,"column":5}},"2":{"start":{"line":14,"column":4},"end":{"line":14,"column":14}},"3":{"start":{"line":19,"column":4},"end":{"line":52,"column":9}},"4":{"start":{"line":21,"column":8},"end":{"line":21,"column":19}},"5":{"start":{"line":23,"column":8},"end":{"line":35,"column":13}},"6":{"start":{"line":24,"column":12},"end":{"line":34,"column":13}},"7":{"start":{"line":25,"column":16},"end":{"line":28,"column":30}},"8":{"start":{"line":30,"column":16},"end":{"line":33,"column":27}},"9":{"start":{"line":37,"column":8},"end":{"line":39,"column":21}},"10":{"start":{"line":41,"column":8},"end":{"line":41,"column":54}},"11":{"start":{"line":43,"column":8},"end":{"line":43,"column":48}},"12":{"start":{"line":45,"column":8},"end":{"line":51,"column":9}},"13":{"start":{"line":46,"column":12},"end":{"line":46,"column":54}},"14":{"start":{"line":48,"column":12},"end":{"line":48,"column":35}},"15":{"start":{"line":49,"column":12},"end":{"line":49,"column":49}},"16":{"start":{"line":50,"column":12},"end":{"line":50,"column":43}}},"branchMap":{"1":{"line":25,"type":"binary-expr","locations":[{"start":{"line":25,"column":23},"end":{"line":25,"column":62}},{"start":{"line":26,"column":20},"end":{"line":26,"column":70}},{"start":{"line":27,"column":20},"end":{"line":27,"column":71}},{"start":{"line":28,"column":20},"end":{"line":28,"column":29}}]},"2":{"line":30,"type":"binary-expr","locations":[{"start":{"line":30,"column":23},"end":{"line":30,"column":37}},{"start":{"line":31,"column":20},"end":{"line":31,"column":61}},{"start":{"line":32,"column":20},"end":{"line":32,"column":70}},{"start":{"line":33,"column":20},"end":{"line":33,"column":26}}]},"3":{"line":37,"type":"cond-expr","locations":[{"start":{"line":38,"column":14},"end":{"line":38,"column":20}},{"start":{"line":39,"column":14},"end":{"line":39,"column":20}}]},"4":{"line":41,"type":"binary-expr","locations":[{"start":{"line":41,"column":16},"end":{"line":41,"column":44}},{"start":{"line":41,"column":48},"end":{"line":41,"column":53}}]},"5":{"line":45,"type":"if","locations":[{"start":{"line":45,"column":8},"end":{"line":45,"column":8}},{"start":{"line":45,"column":8},"end":{"line":45,"column":8}}]}},"code":["/* istanbul instrument in package npmtest_jpm */","/*jslint","    bitwise: true,","    browser: true,","    maxerr: 8,","    maxlen: 96,","    node: true,","    nomen: true,","    regexp: true,","    stupid: true","*/","(function () {","    'use strict';","    var local;","","","","    // run shared js-env code - pre-init","    (function () {","        // init local","        local = {};","        // init modeJs","        local.modeJs = (function () {","            try {","                return typeof navigator.userAgent === 'string' &&","                    typeof document.querySelector('body') === 'object' &&","                    typeof XMLHttpRequest.prototype.open === 'function' &&","                    'browser';","            } catch (errorCaughtBrowser) {","                return module.exports &&","                    typeof process.versions.node === 'string' &&","                    typeof require('http').createServer === 'function' &&","                    'node';","            }","        }());","        // init global","        local.global = local.modeJs === 'browser'","            ? window","            : global;","        // init utility2_rollup","        local = local.global.utility2_rollup || local;","        // init lib","        local.local = local.npmtest_jpm = local;","        // init exports","        if (local.modeJs === 'browser') {","            local.global.utility2_npmtest_jpm = local;","        } else {","            module.exports = local;","            module.exports.__dirname = __dirname;","            module.exports.module = module;","        }","    }());","}());",""],"l":{"12":2,"14":2,"19":2,"21":2,"23":2,"24":2,"25":2,"30":1,"37":2,"41":2,"43":2,"45":2,"46":1,"48":1,"49":1,"50":1}},"/home/travis/build/npmtest/node-npmtest-jpm/example.js":{"path":"/home/travis/build/npmtest/node-npmtest-jpm/example.js","s":{"1":2,"2":2,"3":2,"4":2,"5":2,"6":2,"7":2,"8":1,"9":2,"10":2,"11":2,"12":2,"13":1,"14":2,"15":2,"16":2,"17":2,"18":2,"19":0,"20":2,"21":1,"22":1,"23":1,"24":1,"25":1,"26":0,"27":0,"28":1,"29":1,"30":2,"31":0,"32":0,"33":0,"34":1,"35":2,"36":2,"37":3,"38":3,"39":3,"40":3,"41":0,"42":3,"43":3,"44":3,"45":1,"46":3,"47":1,"48":1,"49":1,"50":1,"51":1,"52":1,"53":1,"54":1,"55":1,"56":1,"57":0,"58":1,"59":6,"60":6,"61":1,"62":2,"63":0,"64":2,"65":1,"66":1,"67":0,"68":0,"69":0,"70":0,"71":0,"72":0,"73":0,"74":0,"75":0,"76":0,"77":0,"78":0,"79":0,"80":0,"81":0,"82":0,"83":0},"b":{"1":[2,1,1,1],"2":[1,1,1,1],"3":[1,1],"4":[2,2],"5":[1,1],"6":[1,1],"7":[2,0],"8":[2,1,1,1,1,1],"9":[0,2,0],"10":[1,1],"11":[2,1,1],"12":[1,0],"13":[0,2],"14":[2,0,0,0,0,0,0],"15":[0,3],"16":[3,0],"17":[1,1],"18":[0,1],"19":[1,2,0,2],"20":[1,0],"21":[1,1],"22":[0,0],"23":[0,0],"24":[0,0],"25":[0,0],"26":[0,0],"27":[0,0],"28":[0,0]},"f":{"1":2,"2":2,"3":2,"4":2,"5":2,"6":2,"7":3,"8":3,"9":3,"10":1,"11":6,"12":0},"fnMap":{"1":{"name":"(anonymous_1)","line":26,"loc":{"start":{"line":26,"column":1},"end":{"line":26,"column":13}}},"2":{"name":"(anonymous_2)","line":33,"loc":{"start":{"line":33,"column":5},"end":{"line":33,"column":17}}},"3":{"name":"(anonymous_3)","line":37,"loc":{"start":{"line":37,"column":24},"end":{"line":37,"column":36}}},"4":{"name":"(anonymous_4)","line":69,"loc":{"start":{"line":69,"column":31},"end":{"line":69,"column":48}},"skip":true},"5":{"name":"(anonymous_5)","line":78,"loc":{"start":{"line":78,"column":26},"end":{"line":78,"column":45}},"skip":true},"6":{"name":"(anonymous_6)","line":123,"loc":{"start":{"line":123,"column":33},"end":{"line":123,"column":48}},"skip":true},"7":{"name":"(anonymous_7)","line":125,"loc":{"start":{"line":125,"column":27},"end":{"line":125,"column":39}},"skip":true},"8":{"name":"(anonymous_8)","line":133,"loc":{"start":{"line":133,"column":59},"end":{"line":133,"column":74}},"skip":true},"9":{"name":"(anonymous_9)","line":143,"loc":{"start":{"line":143,"column":45},"end":{"line":143,"column":62}},"skip":true},"10":{"name":"(anonymous_10)","line":144,"loc":{"start":{"line":144,"column":73},"end":{"line":144,"column":92}},"skip":true},"11":{"name":"(anonymous_11)","line":272,"loc":{"start":{"line":272,"column":51},"end":{"line":272,"column":77}},"skip":true},"12":{"name":"(anonymous_12)","line":315,"loc":{"start":{"line":315,"column":32},"end":{"line":315,"column":61}},"skip":true}},"statementMap":{"1":{"start":{"line":26,"column":0},"end":{"line":326,"column":5}},"2":{"start":{"line":28,"column":4},"end":{"line":28,"column":14}},"3":{"start":{"line":33,"column":4},"end":{"line":60,"column":9}},"4":{"start":{"line":35,"column":8},"end":{"line":35,"column":19}},"5":{"start":{"line":37,"column":8},"end":{"line":49,"column":13}},"6":{"start":{"line":38,"column":12},"end":{"line":48,"column":13}},"7":{"start":{"line":39,"column":16},"end":{"line":42,"column":30}},"8":{"start":{"line":44,"column":16},"end":{"line":47,"column":27}},"9":{"start":{"line":51,"column":8},"end":{"line":53,"column":21}},"10":{"start":{"line":55,"column":8},"end":{"line":57,"column":45}},"11":{"start":{"line":59,"column":8},"end":{"line":59,"column":35}},"12":{"start":{"line":61,"column":4},"end":{"line":325,"column":5}},"13":{"start":{"line":69,"column":8},"end":{"line":121,"column":10},"skip":true},"14":{"start":{"line":70,"column":12},"end":{"line":88,"column":13},"skip":true},"15":{"start":{"line":76,"column":16},"end":{"line":87,"column":19},"skip":true},"16":{"start":{"line":79,"column":20},"end":{"line":86,"column":21},"skip":true},"17":{"start":{"line":82,"column":24},"end":{"line":82,"column":43},"skip":true},"18":{"start":{"line":83,"column":24},"end":{"line":83,"column":30},"skip":true},"19":{"start":{"line":85,"column":24},"end":{"line":85,"column":49},"skip":true},"20":{"start":{"line":89,"column":12},"end":{"line":107,"column":13},"skip":true},"21":{"start":{"line":92,"column":16},"end":{"line":102,"column":17},"skip":true},"22":{"start":{"line":93,"column":20},"end":{"line":93,"column":86},"skip":true},"23":{"start":{"line":94,"column":20},"end":{"line":95,"column":45},"skip":true},"24":{"start":{"line":96,"column":20},"end":{"line":96,"column":42},"skip":true},"25":{"start":{"line":97,"column":20},"end":{"line":97,"column":48},"skip":true},"26":{"start":{"line":100,"column":20},"end":{"line":100,"column":85},"skip":true},"27":{"start":{"line":101,"column":20},"end":{"line":101,"column":96},"skip":true},"28":{"start":{"line":103,"column":16},"end":{"line":103,"column":22},"skip":true},"29":{"start":{"line":106,"column":16},"end":{"line":106,"column":22},"skip":true},"30":{"start":{"line":108,"column":12},"end":{"line":120,"column":13},"skip":true},"31":{"start":{"line":114,"column":16},"end":{"line":119,"column":17},"skip":true},"32":{"start":{"line":116,"column":20},"end":{"line":116,"column":78},"skip":true},"33":{"start":{"line":118,"column":20},"end":{"line":118,"column":47},"skip":true},"34":{"start":{"line":123,"column":8},"end":{"line":141,"column":11},"skip":true},"35":{"start":{"line":124,"column":12},"end":{"line":124,"column":54},"skip":true},"36":{"start":{"line":125,"column":12},"end":{"line":140,"column":14},"skip":true},"37":{"start":{"line":126,"column":16},"end":{"line":126,"column":28},"skip":true},"38":{"start":{"line":127,"column":16},"end":{"line":127,"column":69},"skip":true},"39":{"start":{"line":128,"column":16},"end":{"line":128,"column":75},"skip":true},"40":{"start":{"line":129,"column":16},"end":{"line":131,"column":17},"skip":true},"41":{"start":{"line":130,"column":20},"end":{"line":130,"column":27},"skip":true},"42":{"start":{"line":133,"column":16},"end":{"line":137,"column":36},"skip":true},"43":{"start":{"line":134,"column":20},"end":{"line":136,"column":55},"skip":true},"44":{"start":{"line":139,"column":16},"end":{"line":139,"column":57},"skip":true},"45":{"start":{"line":143,"column":8},"end":{"line":147,"column":11},"skip":true},"46":{"start":{"line":144,"column":12},"end":{"line":146,"column":15},"skip":true},"47":{"start":{"line":145,"column":16},"end":{"line":145,"column":70},"skip":true},"48":{"start":{"line":149,"column":8},"end":{"line":149,"column":31},"skip":true},"49":{"start":{"line":150,"column":8},"end":{"line":150,"column":14},"skip":true},"50":{"start":{"line":158,"column":8},"end":{"line":158,"column":31},"skip":true},"51":{"start":{"line":160,"column":8},"end":{"line":160,"column":33},"skip":true},"52":{"start":{"line":161,"column":8},"end":{"line":161,"column":37},"skip":true},"53":{"start":{"line":162,"column":8},"end":{"line":162,"column":35},"skip":true},"54":{"start":{"line":164,"column":8},"end":{"line":164,"column":50},"skip":true},"55":{"start":{"line":166,"column":8},"end":{"line":256,"column":2},"skip":true},"56":{"start":{"line":258,"column":8},"end":{"line":286,"column":9},"skip":true},"57":{"start":{"line":259,"column":12},"end":{"line":269,"column":14},"skip":true},"58":{"start":{"line":271,"column":12},"end":{"line":285,"column":19},"skip":true},"59":{"start":{"line":274,"column":20},"end":{"line":274,"column":35},"skip":true},"60":{"start":{"line":275,"column":20},"end":{"line":284,"column":21},"skip":true},"61":{"start":{"line":277,"column":24},"end":{"line":277,"column":64},"skip":true},"62":{"start":{"line":279,"column":24},"end":{"line":279,"column":40},"skip":true},"63":{"start":{"line":281,"column":24},"end":{"line":281,"column":40},"skip":true},"64":{"start":{"line":283,"column":24},"end":{"line":283,"column":39},"skip":true},"65":{"start":{"line":288,"column":8},"end":{"line":290,"column":9},"skip":true},"66":{"start":{"line":289,"column":12},"end":{"line":289,"column":18},"skip":true},"67":{"start":{"line":291,"column":8},"end":{"line":293,"column":54},"skip":true},"68":{"start":{"line":296,"column":8},"end":{"line":301,"column":37},"skip":true},"69":{"start":{"line":303,"column":8},"end":{"line":303,"column":82},"skip":true},"70":{"start":{"line":306,"column":8},"end":{"line":308,"column":9},"skip":true},"71":{"start":{"line":307,"column":12},"end":{"line":307,"column":82},"skip":true},"72":{"start":{"line":310,"column":8},"end":{"line":312,"column":9},"skip":true},"73":{"start":{"line":311,"column":12},"end":{"line":311,"column":18},"skip":true},"74":{"start":{"line":313,"column":8},"end":{"line":313,"column":54},"skip":true},"75":{"start":{"line":314,"column":8},"end":{"line":314,"column":69},"skip":true},"76":{"start":{"line":315,"column":8},"end":{"line":323,"column":36},"skip":true},"77":{"start":{"line":316,"column":12},"end":{"line":316,"column":61},"skip":true},"78":{"start":{"line":317,"column":12},"end":{"line":320,"column":13},"skip":true},"79":{"start":{"line":318,"column":16},"end":{"line":318,"column":75},"skip":true},"80":{"start":{"line":319,"column":16},"end":{"line":319,"column":23},"skip":true},"81":{"start":{"line":321,"column":12},"end":{"line":321,"column":38},"skip":true},"82":{"start":{"line":322,"column":12},"end":{"line":322,"column":27},"skip":true},"83":{"start":{"line":324,"column":8},"end":{"line":324,"column":14},"skip":true}},"branchMap":{"1":{"line":39,"type":"binary-expr","locations":[{"start":{"line":39,"column":23},"end":{"line":39,"column":62}},{"start":{"line":40,"column":20},"end":{"line":40,"column":70}},{"start":{"line":41,"column":20},"end":{"line":41,"column":71}},{"start":{"line":42,"column":20},"end":{"line":42,"column":29}}]},"2":{"line":44,"type":"binary-expr","locations":[{"start":{"line":44,"column":23},"end":{"line":44,"column":37}},{"start":{"line":45,"column":20},"end":{"line":45,"column":61}},{"start":{"line":46,"column":20},"end":{"line":46,"column":70}},{"start":{"line":47,"column":20},"end":{"line":47,"column":26}}]},"3":{"line":51,"type":"cond-expr","locations":[{"start":{"line":52,"column":14},"end":{"line":52,"column":20}},{"start":{"line":53,"column":14},"end":{"line":53,"column":20}}]},"4":{"line":55,"type":"binary-expr","locations":[{"start":{"line":55,"column":16},"end":{"line":55,"column":44}},{"start":{"line":55,"column":49},"end":{"line":57,"column":43}}]},"5":{"line":55,"type":"cond-expr","locations":[{"start":{"line":56,"column":14},"end":{"line":56,"column":47}},{"start":{"line":57,"column":14},"end":{"line":57,"column":43}}]},"6":{"line":61,"type":"switch","locations":[{"start":{"line":68,"column":4},"end":{"line":150,"column":14},"skip":true},{"start":{"line":156,"column":4},"end":{"line":324,"column":14},"skip":true}]},"7":{"line":70,"type":"if","locations":[{"start":{"line":70,"column":12},"end":{"line":70,"column":12},"skip":true},{"start":{"line":70,"column":12},"end":{"line":70,"column":12},"skip":true}]},"8":{"line":70,"type":"binary-expr","locations":[{"start":{"line":70,"column":16},"end":{"line":70,"column":22},"skip":true},{"start":{"line":70,"column":27},"end":{"line":70,"column":32},"skip":true},{"start":{"line":71,"column":20},"end":{"line":71,"column":39},"skip":true},{"start":{"line":72,"column":20},"end":{"line":72,"column":49},"skip":true},{"start":{"line":73,"column":20},"end":{"line":73,"column":58},"skip":true},{"start":{"line":74,"column":20},"end":{"line":74,"column":69},"skip":true}]},"9":{"line":79,"type":"switch","locations":[{"start":{"line":80,"column":20},"end":{"line":80,"column":33},"skip":true},{"start":{"line":81,"column":20},"end":{"line":83,"column":30},"skip":true},{"start":{"line":84,"column":20},"end":{"line":85,"column":49},"skip":true}]},"10":{"line":89,"type":"switch","locations":[{"start":{"line":90,"column":12},"end":{"line":103,"column":22},"skip":true},{"start":{"line":105,"column":12},"end":{"line":106,"column":22},"skip":true}]},"11":{"line":89,"type":"binary-expr","locations":[{"start":{"line":89,"column":20},"end":{"line":89,"column":25},"skip":true},{"start":{"line":89,"column":29},"end":{"line":89,"column":48},"skip":true},{"start":{"line":89,"column":52},"end":{"line":89,"column":74},"skip":true}]},"12":{"line":92,"type":"if","locations":[{"start":{"line":92,"column":16},"end":{"line":92,"column":16},"skip":true},{"start":{"line":92,"column":16},"end":{"line":92,"column":16},"skip":true}]},"13":{"line":108,"type":"if","locations":[{"start":{"line":108,"column":12},"end":{"line":108,"column":12},"skip":true},{"start":{"line":108,"column":12},"end":{"line":108,"column":12},"skip":true}]},"14":{"line":108,"type":"binary-expr","locations":[{"start":{"line":108,"column":16},"end":{"line":108,"column":61},"skip":true},{"start":{"line":108,"column":66},"end":{"line":108,"column":72},"skip":true},{"start":{"line":108,"column":77},"end":{"line":108,"column":82},"skip":true},{"start":{"line":109,"column":20},"end":{"line":109,"column":39},"skip":true},{"start":{"line":110,"column":20},"end":{"line":110,"column":49},"skip":true},{"start":{"line":111,"column":20},"end":{"line":111,"column":58},"skip":true},{"start":{"line":112,"column":20},"end":{"line":112,"column":68},"skip":true}]},"15":{"line":129,"type":"if","locations":[{"start":{"line":129,"column":16},"end":{"line":129,"column":16},"skip":true},{"start":{"line":129,"column":16},"end":{"line":129,"column":16},"skip":true}]},"16":{"line":134,"type":"cond-expr","locations":[{"start":{"line":135,"column":26},"end":{"line":135,"column":29},"skip":true},{"start":{"line":136,"column":26},"end":{"line":136,"column":54},"skip":true}]},"17":{"line":164,"type":"binary-expr","locations":[{"start":{"line":164,"column":27},"end":{"line":164,"column":43},"skip":true},{"start":{"line":164,"column":47},"end":{"line":164,"column":49},"skip":true}]},"18":{"line":258,"type":"if","locations":[{"start":{"line":258,"column":8},"end":{"line":258,"column":8},"skip":true},{"start":{"line":258,"column":8},"end":{"line":258,"column":8},"skip":true}]},"19":{"line":275,"type":"switch","locations":[{"start":{"line":276,"column":20},"end":{"line":277,"column":64},"skip":true},{"start":{"line":278,"column":20},"end":{"line":279,"column":40},"skip":true},{"start":{"line":280,"column":20},"end":{"line":281,"column":40},"skip":true},{"start":{"line":282,"column":20},"end":{"line":283,"column":39},"skip":true}]},"20":{"line":288,"type":"if","locations":[{"start":{"line":288,"column":8},"end":{"line":288,"column":8},"skip":true},{"start":{"line":288,"column":8},"end":{"line":288,"column":8},"skip":true}]},"21":{"line":288,"type":"binary-expr","locations":[{"start":{"line":288,"column":12},"end":{"line":288,"column":40},"skip":true},{"start":{"line":288,"column":44},"end":{"line":288,"column":67},"skip":true}]},"22":{"line":292,"type":"binary-expr","locations":[{"start":{"line":292,"column":12},"end":{"line":292,"column":50},"skip":true},{"start":{"line":293,"column":12},"end":{"line":293,"column":53},"skip":true}]},"23":{"line":297,"type":"binary-expr","locations":[{"start":{"line":297,"column":12},"end":{"line":297,"column":61},"skip":true},{"start":{"line":298,"column":12},"end":{"line":301,"column":36},"skip":true}]},"24":{"line":303,"type":"binary-expr","locations":[{"start":{"line":303,"column":43},"end":{"line":303,"column":75},"skip":true},{"start":{"line":303,"column":79},"end":{"line":303,"column":81},"skip":true}]},"25":{"line":306,"type":"if","locations":[{"start":{"line":306,"column":8},"end":{"line":306,"column":8},"skip":true},{"start":{"line":306,"column":8},"end":{"line":306,"column":8},"skip":true}]},"26":{"line":310,"type":"if","locations":[{"start":{"line":310,"column":8},"end":{"line":310,"column":8},"skip":true},{"start":{"line":310,"column":8},"end":{"line":310,"column":8},"skip":true}]},"27":{"line":313,"type":"binary-expr","locations":[{"start":{"line":313,"column":27},"end":{"line":313,"column":43},"skip":true},{"start":{"line":313,"column":47},"end":{"line":313,"column":53},"skip":true}]},"28":{"line":317,"type":"if","locations":[{"start":{"line":317,"column":12},"end":{"line":317,"column":12},"skip":true},{"start":{"line":317,"column":12},"end":{"line":317,"column":12},"skip":true}]}},"code":["/*","example.js","","quickstart example","","instruction","    1. save this script as example.js","    2. run the shell command:","        $ npm install npmtest-jpm && PORT=8081 node example.js","    3. play with the browser-demo on http://127.0.0.1:8081","*/","","","","/* istanbul instrument in package npmtest_jpm */","/*jslint","    bitwise: true,","    browser: true,","    maxerr: 8,","    maxlen: 96,","    node: true,","    nomen: true,","    regexp: true,","    stupid: true","*/","(function () {","    'use strict';","    var local;","","","","    // run shared js-env code - pre-init","    (function () {","        // init local","        local = {};","        // init modeJs","        local.modeJs = (function () {","            try {","                return typeof navigator.userAgent === 'string' &&","                    typeof document.querySelector('body') === 'object' &&","                    typeof XMLHttpRequest.prototype.open === 'function' &&","                    'browser';","            } catch (errorCaughtBrowser) {","                return module.exports &&","                    typeof process.versions.node === 'string' &&","                    typeof require('http').createServer === 'function' &&","                    'node';","            }","        }());","        // init global","        local.global = local.modeJs === 'browser'","            ? window","            : global;","        // init utility2_rollup","        local = local.global.utility2_rollup || (local.modeJs === 'browser'","            ? local.global.utility2_npmtest_jpm","            : global.utility2_moduleExports);","        // export local","        local.global.local = local;","    }());","    switch (local.modeJs) {","","","","    // post-init","    // run browser js-env code - post-init","    /* istanbul ignore next */","    case 'browser':","        local.testRunBrowser = function (event) {","            if (!event || (event &&","                    event.currentTarget &&","                    event.currentTarget.className &&","                    event.currentTarget.className.includes &&","                    event.currentTarget.className.includes('onreset'))) {","                // reset output","                Array.from(","                    document.querySelectorAll('body > .resettable')","                ).forEach(function (element) {","                    switch (element.tagName) {","                    case 'INPUT':","                    case 'TEXTAREA':","                        element.value = '';","                        break;","                    default:","                        element.textContent = '';","                    }","                });","            }","            switch (event && event.currentTarget && event.currentTarget.id) {","            case 'testRunButton1':","                // show tests","                if (document.querySelector('#testReportDiv1').style.display === 'none') {","                    document.querySelector('#testReportDiv1').style.display = 'block';","                    document.querySelector('#testRunButton1').textContent =","                        'hide internal test';","                    local.modeTest = true;","                    local.testRunDefault(local);","                // hide tests","                } else {","                    document.querySelector('#testReportDiv1').style.display = 'none';","                    document.querySelector('#testRunButton1').textContent = 'run internal test';","                }","                break;","            // custom-case","            default:","                break;","            }","            if (document.querySelector('#inputTextareaEval1') && (!event || (event &&","                    event.currentTarget &&","                    event.currentTarget.className &&","                    event.currentTarget.className.includes &&","                    event.currentTarget.className.includes('oneval')))) {","                // try to eval input-code","                try {","                    /*jslint evil: true*/","                    eval(document.querySelector('#inputTextareaEval1').value);","                } catch (errorCaught) {","                    console.error(errorCaught);","                }","            }","        };","        // log stderr and stdout to #outputTextareaStdout1","        ['error', 'log'].forEach(function (key) {","            console[key + '_original'] = console[key];","            console[key] = function () {","                var element;","                console[key + '_original'].apply(console, arguments);","                element = document.querySelector('#outputTextareaStdout1');","                if (!element) {","                    return;","                }","                // append text to #outputTextareaStdout1","                element.value += Array.from(arguments).map(function (arg) {","                    return typeof arg === 'string'","                        ? arg","                        : JSON.stringify(arg, null, 4);","                }).join(' ') + '\\n';","                // scroll textarea to bottom","                element.scrollTop = element.scrollHeight;","            };","        });","        // init event-handling","        ['change', 'click', 'keyup'].forEach(function (event) {","            Array.from(document.querySelectorAll('.on' + event)).forEach(function (element) {","                element.addEventListener(event, local.testRunBrowser);","            });","        });","        // run tests","        local.testRunBrowser();","        break;","","","","    // run node js-env code - post-init","    /* istanbul ignore next */","    case 'node':","        // export local","        module.exports = local;","        // require modules","        local.fs = require('fs');","        local.http = require('http');","        local.url = require('url');","        // init assets","        local.assetsDict = local.assetsDict || {};","        /* jslint-ignore-begin */","        local.assetsDict['/assets.index.template.html'] = '\\","<!doctype html>\\n\\","<html lang=\"en\">\\n\\","<head>\\n\\","<meta charset=\"UTF-8\">\\n\\","<meta name=\"viewport\" content=\"width=device-width, initial-scale=1\">\\n\\","<title>{{env.npm_package_name}} (v{{env.npm_package_version}})</title>\\n\\","<style>\\n\\","/*csslint\\n\\","    box-sizing: false,\\n\\","    universal-selector: false\\n\\","*/\\n\\","* {\\n\\","    box-sizing: border-box;\\n\\","}\\n\\","body {\\n\\","    background: #dde;\\n\\","    font-family: Arial, Helvetica, sans-serif;\\n\\","    margin: 2rem;\\n\\","}\\n\\","body > * {\\n\\","    margin-bottom: 1rem;\\n\\","}\\n\\",".utility2FooterDiv {\\n\\","    margin-top: 20px;\\n\\","    text-align: center;\\n\\","}\\n\\","</style>\\n\\","<style>\\n\\","/*csslint\\n\\","*/\\n\\","textarea {\\n\\","    font-family: monospace;\\n\\","    height: 10rem;\\n\\","    width: 100%;\\n\\","}\\n\\","textarea[readonly] {\\n\\","    background: #ddd;\\n\\","}\\n\\","</style>\\n\\","</head>\\n\\","<body>\\n\\","<!-- utility2-comment\\n\\","<div id=\"ajaxProgressDiv1\" style=\"background: #d00; height: 2px; left: 0; margin: 0; padding: 0; position: fixed; top: 0; transition: background 0.5s, width 1.5s; width: 25%;\"></div>\\n\\","utility2-comment -->\\n\\","<h1>\\n\\","<!-- utility2-comment\\n\\","    <a\\n\\","        {{#if env.npm_package_homepage}}\\n\\","        href=\"{{env.npm_package_homepage}}\"\\n\\","        {{/if env.npm_package_homepage}}\\n\\","        target=\"_blank\"\\n\\","    >\\n\\","utility2-comment -->\\n\\","        {{env.npm_package_name}} (v{{env.npm_package_version}})\\n\\","<!-- utility2-comment\\n\\","    </a>\\n\\","utility2-comment -->\\n\\","</h1>\\n\\","<h3>{{env.npm_package_description}}</h3>\\n\\","<!-- utility2-comment\\n\\","<h4><a download href=\"assets.app.js\">download standalone app</a></h4>\\n\\","<button class=\"onclick onreset\" id=\"testRunButton1\">run internal test</button><br>\\n\\","<div id=\"testReportDiv1\" style=\"display: none;\"></div>\\n\\","utility2-comment -->\\n\\","\\n\\","\\n\\","\\n\\","<label>stderr and stdout</label>\\n\\","<textarea class=\"resettable\" id=\"outputTextareaStdout1\" readonly></textarea>\\n\\","<!-- utility2-comment\\n\\","{{#if isRollup}}\\n\\","<script src=\"assets.app.js\"></script>\\n\\","{{#unless isRollup}}\\n\\","utility2-comment -->\\n\\","<script src=\"assets.utility2.rollup.js\"></script>\\n\\","<script src=\"jsonp.utility2._stateInit?callback=window.utility2._stateInit\"></script>\\n\\","<script src=\"assets.npmtest_jpm.rollup.js\"></script>\\n\\","<script src=\"assets.example.js\"></script>\\n\\","<script src=\"assets.test.js\"></script>\\n\\","<!-- utility2-comment\\n\\","{{/if isRollup}}\\n\\","utility2-comment -->\\n\\","<div class=\"utility2FooterDiv\">\\n\\","    [ this app was created with\\n\\","    <a href=\"https://github.com/kaizhu256/node-utility2\" target=\"_blank\">utility2</a>\\n\\","    ]\\n\\","</div>\\n\\","</body>\\n\\","</html>\\n\\","';","        /* jslint-ignore-end */","        if (local.templateRender) {","            local.assetsDict['/'] = local.templateRender(","                local.assetsDict['/assets.index.template.html'],","                {","                    env: local.objectSetDefault(local.env, {","                        npm_package_description: 'the greatest app in the world!',","                        npm_package_name: 'my-app',","                        npm_package_nameAlias: 'my_app',","                        npm_package_version: '0.0.1'","                    })","                }","            );","        } else {","            local.assetsDict['/'] = local.assetsDict['/assets.index.template.html']","                .replace((/\\{\\{env\\.(\\w+?)\\}\\}/g), function (match0, match1) {","                    // jslint-hack","                    String(match0);","                    switch (match1) {","                    case 'npm_package_description':","                        return 'the greatest app in the world!';","                    case 'npm_package_name':","                        return 'my-app';","                    case 'npm_package_nameAlias':","                        return 'my_app';","                    case 'npm_package_version':","                        return '0.0.1';","                    }","                });","        }","        // run the cli","        if (local.global.utility2_rollup || module !== require.main) {","            break;","        }","        local.assetsDict['/assets.example.js'] =","            local.assetsDict['/assets.example.js'] ||","            local.fs.readFileSync(__filename, 'utf8');","        // bug-workaround - long $npm_package_buildCustomOrg","        /* jslint-ignore-begin */","        local.assetsDict['/assets.npmtest_jpm.rollup.js'] =","            local.assetsDict['/assets.npmtest_jpm.rollup.js'] ||","            local.fs.readFileSync(","                local.npmtest_jpm.__dirname + '/lib.npmtest_jpm.js',","                'utf8'","            ).replace((/^#!/), '//');","        /* jslint-ignore-end */","        local.assetsDict['/favicon.ico'] = local.assetsDict['/favicon.ico'] || '';","        // if $npm_config_timeout_exit exists,","        // then exit this process after $npm_config_timeout_exit ms","        if (Number(process.env.npm_config_timeout_exit)) {","            setTimeout(process.exit, Number(process.env.npm_config_timeout_exit));","        }","        // start server","        if (local.global.utility2_serverHttp1) {","            break;","        }","        process.env.PORT = process.env.PORT || '8081';","        console.error('server starting on port ' + process.env.PORT);","        local.http.createServer(function (request, response) {","            request.urlParsed = local.url.parse(request.url);","            if (local.assetsDict[request.urlParsed.pathname] !== undefined) {","                response.end(local.assetsDict[request.urlParsed.pathname]);","                return;","            }","            response.statusCode = 404;","            response.end();","        }).listen(process.env.PORT);","        break;","    }","}());",""],"l":{"26":2,"28":2,"33":2,"35":2,"37":2,"38":2,"39":2,"44":1,"51":2,"55":2,"59":2,"61":2,"69":1,"70":2,"76":2,"79":2,"82":2,"83":2,"85":1,"89":2,"92":1,"93":1,"94":1,"96":1,"97":1,"100":1,"101":1,"103":1,"106":1,"108":2,"114":1,"116":1,"118":1,"123":1,"124":2,"125":2,"126":3,"127":3,"128":3,"129":3,"130":1,"133":3,"134":3,"139":3,"143":1,"144":3,"145":1,"149":1,"150":1,"158":1,"160":1,"161":1,"162":1,"164":1,"166":1,"258":1,"259":1,"271":1,"274":6,"275":6,"277":1,"279":2,"281":1,"283":2,"288":1,"289":1,"291":1,"296":1,"303":1,"306":1,"307":1,"310":1,"311":1,"313":1,"314":1,"315":1,"316":1,"317":1,"318":1,"319":1,"321":1,"322":1,"324":1}},"/home/travis/build/npmtest/node-npmtest-jpm/node_modules/jpm/index.js":{"path":"/home/travis/build/npmtest/node-npmtest-jpm/node_modules/jpm/index.js","s":{},"b":{},"f":{},"fnMap":{},"statementMap":{},"branchMap":{},"code":["/* This Source Code Form is subject to the terms of the Mozilla Public"," * License, v. 2.0. If a copy of the MPL was not distributed with this"," * file, You can obtain one at http://mozilla.org/MPL/2.0/. */","\"use strict\";",""],"l":{}},"/home/travis/build/npmtest/node-npmtest-jpm/node_modules/jpm/data/preferences.js":{"path":"/home/travis/build/npmtest/node-npmtest-jpm/node_modules/jpm/data/preferences.js","s":{"1":1,"2":1,"3":1,"4":1},"b":{},"f":{},"fnMap":{},"statementMap":{"1":{"start":{"line":1,"column":0},"end":{"line":45,"column":2}},"2":{"start":{"line":47,"column":0},"end":{"line":50,"column":2}},"3":{"start":{"line":53,"column":0},"end":{"line":74,"column":2}},"4":{"start":{"line":79,"column":0},"end":{"line":128,"column":2}}},"branchMap":{},"code":["exports.DEFAULT_COMMON_PREFS = {","    // allow debug output via dump to be printed to the system console","    // (setting it here just in case, even though PlainTextConsole also","    // sets this preference)","    \"browser.dom.window.dump.enabled\": true,","    // warn about possibly incorrect code","    \"javascript.options.strict\": true,","    \"javascript.options.showInConsole\": true,","","    // Allow remote connections to the debugger","    \"devtools.debugger.remote-enabled\" : true,","","    \"extensions.sdk.console.logLevel\": \"info\",","","    \"extensions.checkCompatibility.nightly\" : false,","","    // Disable extension updates and notifications.","    \"extensions.update.enabled\" : false,","    \"extensions.update.notifyUser\" : false,","","    // From:","    // http://hg.mozilla.org/mozilla-central/file/1dd81c324ac7/build/automation.py.in//l372","    // Only load extensions from the application and user profile.","    // AddonManager.SCOPE_PROFILE + AddonManager.SCOPE_APPLICATION","    \"extensions.enabledScopes\" : 5,","    // Disable metadata caching for installed add-ons by default","    \"extensions.getAddons.cache.enabled\" : false,","    // Disable intalling any distribution add-ons","    \"extensions.installDistroAddons\" : false,","    // Allow installing extensions dropped into the profile folder","    \"extensions.autoDisableScopes\" : 10,","","    \"extensions.logging.enabled\": false,","","    // Disable app update","    \"app.update.enabled\" : false,","","    // Point update checks to a nonexistent local URL for fast failures.","    \"extensions.update.url\" : \"http://localhost/extensions-dummy/updateURL\",","    \"extensions.blocklist.url\" : \"http://localhost/extensions-dummy/blocklistURL\",","    // Make sure opening about:addons won\"t hit the network.","    \"extensions.webservice.discoverURL\" : \"http://localhost/extensions-dummy/discoveryURL\",","    //Allow unsigned add-ons","    \"xpinstall.signatures.required\" : false","};","","exports.DEFAULT_FENNEC_PREFS = {","  \"browser.console.showInPanel\": true,","  \"browser.firstrun.show.uidiscovery\": false","};","","// When launching a temporary new Firefox profile, use these preferences.","exports.DEFAULT_FIREFOX_PREFS = {","    \"browser.startup.homepage\" : \"about:blank\",","    \"startup.homepage_welcome_url\" : \"about:blank\",","    \"startup.homepage_welcome_url.additional\" : \"\",","    \"devtools.errorconsole.enabled\" : true,","    \"devtools.chrome.enabled\" : true,","","    // From:","    // http://hg.mozilla.org/mozilla-central/file/1dd81c324ac7/build/automation.py.in//l388","    // Make url-classifier updates so rare that they won\"t affect tests.","    \"urlclassifier.updateinterval\" : 172800,","    // Point the url-classifier to a nonexistent local URL for fast failures.","    \"browser.safebrowsing.provider.0.gethashURL\" : \"http://localhost/safebrowsing-dummy/gethash\",","    \"browser.safebrowsing.provider.0.keyURL\" : \"http://localhost/safebrowsing-dummy/newkey\",","    \"browser.safebrowsing.provider.0.updateURL\" : \"http://localhost/safebrowsing-dummy/update\",","","    // Disable self repair/SHIELD","    \"browser.selfsupport.url\": \"https://localhost/selfrepair\",","","    // Disable Reader Mode UI tour","    \"browser.reader.detectedFirstArticle\": true","};","","// When launching a temporary new Thunderbird profile, use these preferences.","// Note that these were taken from:","// http://mxr.mozilla.org/comm-central/source/mail/test/mozmill/runtest.py","exports.DEFAULT_THUNDERBIRD_PREFS = {","    // say no to slow script warnings","    \"dom.max_chrome_script_run_time\": 200,","    \"dom.max_script_run_time\": 0,","    // do not ask about being the default mail client","    \"mail.shell.checkDefaultClient\": false,","    // disable non-gloda indexing daemons","    \"mail.winsearch.enable\": false,","    \"mail.winsearch.firstRunDone\": true,","    \"mail.spotlight.enable\": false,","    \"mail.spotlight.firstRunDone\": true,","    // disable address books for undisclosed reasons","    \"ldap_2.servers.osx.position\": 0,","    \"ldap_2.servers.oe.position\": 0,","    // disable the first use junk dialog","    \"mailnews.ui.junk.firstuse\": false,","    // other unknown voodoo","    // -- dummied up local accounts to stop the account wizard","    \"mail.account.account1.server\" :  \"server1\",","    \"mail.account.account2.identities\" :  \"id1\",","    \"mail.account.account2.server\" :  \"server2\",","    \"mail.accountmanager.accounts\" :  \"account1,account2\",","    \"mail.accountmanager.defaultaccount\" :  \"account2\",","    \"mail.accountmanager.localfoldersserver\" :  \"server1\",","    \"mail.identity.id1.fullName\" :  \"Tinderbox\",","    \"mail.identity.id1.smtpServer\" :  \"smtp1\",","    \"mail.identity.id1.useremail\" :  \"tinderbox@invalid.com\",","    \"mail.identity.id1.valid\" :  true,","    \"mail.root.none-rel\" :  \"[ProfD]Mail\",","    \"mail.root.pop3-rel\" :  \"[ProfD]Mail\",","    \"mail.server.server1.directory-rel\" :  \"[ProfD]Mail/Local Folders\",","    \"mail.server.server1.hostname\" :  \"Local Folders\",","    \"mail.server.server1.name\" :  \"Local Folders\",","    \"mail.server.server1.type\" :  \"none\",","    \"mail.server.server1.userName\" :  \"nobody\",","    \"mail.server.server2.check_new_mail\" :  false,","    \"mail.server.server2.directory-rel\" :  \"[ProfD]Mail/tinderbox\",","    \"mail.server.server2.download_on_biff\" :  true,","    \"mail.server.server2.hostname\" :  \"tinderbox\",","    \"mail.server.server2.login_at_startup\" :  false,","    \"mail.server.server2.name\" :  \"tinderbox@invalid.com\",","    \"mail.server.server2.type\" :  \"pop3\",","    \"mail.server.server2.userName\" :  \"tinderbox\",","    \"mail.smtp.defaultserver\" :  \"smtp1\",","    \"mail.smtpserver.smtp1.hostname\" :  \"tinderbox\",","    \"mail.smtpserver.smtp1.username\" :  \"tinderbox\",","    \"mail.smtpservers\" :  \"smtp1\",","    \"mail.startup.enabledMailCheckOnce\" :  true,","    \"mailnews.start_page_override.mstone\" :  \"ignore\"","};",""],"l":{"1":1,"47":1,"53":1,"79":1}},"/home/travis/build/npmtest/node-npmtest-jpm/node_modules/jpm/lib/cmd.js":{"path":"/home/travis/build/npmtest/node-npmtest-jpm/node_modules/jpm/lib/cmd.js","s":{"1":1,"2":1,"3":1,"4":1,"5":0,"6":0,"7":0,"8":0,"9":0,"10":1,"11":1,"12":0,"13":0,"14":0,"15":0,"16":0,"17":0,"18":1,"19":1,"20":0,"21":0,"22":0,"23":0,"24":0,"25":0,"26":1},"b":{"1":[0,0],"2":[0,0],"3":[0,0],"4":[0,0],"5":[0,0],"6":[0,0],"7":[0,0,0]},"f":{"1":0,"2":0,"3":0,"4":0,"5":0,"6":0,"7":0,"8":0},"fnMap":{"1":{"name":"prepare","line":11,"loc":{"start":{"line":11,"column":0},"end":{"line":11,"column":48}}},"2":{"name":"(anonymous_2)","line":12,"loc":{"start":{"line":12,"column":9},"end":{"line":12,"column":36}}},"3":{"name":"(anonymous_3)","line":15,"loc":{"start":{"line":15,"column":12},"end":{"line":15,"column":31}}},"4":{"name":"isEmptyCommand","line":25,"loc":{"start":{"line":25,"column":0},"end":{"line":25,"column":33}}},"5":{"name":"(anonymous_5)","line":29,"loc":{"start":{"line":29,"column":27},"end":{"line":29,"column":39}}},"6":{"name":"validateProgram","line":38,"loc":{"start":{"line":38,"column":0},"end":{"line":38,"column":34}}},"7":{"name":"(anonymous_7)","line":39,"loc":{"start":{"line":39,"column":30},"end":{"line":39,"column":47}}},"8":{"name":"(anonymous_8)","line":41,"loc":{"start":{"line":41,"column":13},"end":{"line":41,"column":30}}}},"statementMap":{"1":{"start":{"line":6,"column":0},"end":{"line":6,"column":36}},"2":{"start":{"line":7,"column":0},"end":{"line":7,"column":28}},"3":{"start":{"line":9,"column":0},"end":{"line":9,"column":78}},"4":{"start":{"line":11,"column":0},"end":{"line":22,"column":1}},"5":{"start":{"line":12,"column":2},"end":{"line":21,"column":4}},"6":{"start":{"line":13,"column":4},"end":{"line":20,"column":7}},"7":{"start":{"line":16,"column":6},"end":{"line":16,"column":31}},"8":{"start":{"line":17,"column":6},"end":{"line":18,"column":53}},"9":{"start":{"line":19,"column":6},"end":{"line":19,"column":56}},"10":{"start":{"line":23,"column":0},"end":{"line":23,"column":26}},"11":{"start":{"line":25,"column":0},"end":{"line":35,"column":1}},"12":{"start":{"line":26,"column":2},"end":{"line":28,"column":3}},"13":{"start":{"line":27,"column":4},"end":{"line":27,"column":16}},"14":{"start":{"line":29,"column":2},"end":{"line":33,"column":3}},"15":{"start":{"line":30,"column":4},"end":{"line":30,"column":33}},"16":{"start":{"line":32,"column":4},"end":{"line":32,"column":16}},"17":{"start":{"line":34,"column":2},"end":{"line":34,"column":15}},"18":{"start":{"line":36,"column":0},"end":{"line":36,"column":40}},"19":{"start":{"line":38,"column":0},"end":{"line":54,"column":1}},"20":{"start":{"line":39,"column":2},"end":{"line":53,"column":5}},"21":{"start":{"line":40,"column":4},"end":{"line":40,"column":41}},"22":{"start":{"line":42,"column":4},"end":{"line":46,"column":5}},"23":{"start":{"line":43,"column":6},"end":{"line":45,"column":27}},"24":{"start":{"line":47,"column":4},"end":{"line":52,"column":5}},"25":{"start":{"line":49,"column":6},"end":{"line":51,"column":63}},"26":{"start":{"line":55,"column":0},"end":{"line":55,"column":42}}},"branchMap":{"1":{"line":18,"type":"binary-expr","locations":[{"start":{"line":18,"column":19},"end":{"line":18,"column":33}},{"start":{"line":18,"column":37},"end":{"line":18,"column":50}}]},"2":{"line":26,"type":"if","locations":[{"start":{"line":26,"column":2},"end":{"line":26,"column":2}},{"start":{"line":26,"column":2},"end":{"line":26,"column":2}}]},"3":{"line":29,"type":"if","locations":[{"start":{"line":29,"column":2},"end":{"line":29,"column":2}},{"start":{"line":29,"column":2},"end":{"line":29,"column":2}}]},"4":{"line":42,"type":"if","locations":[{"start":{"line":42,"column":4},"end":{"line":42,"column":4}},{"start":{"line":42,"column":4},"end":{"line":42,"column":4}}]},"5":{"line":43,"type":"cond-expr","locations":[{"start":{"line":44,"column":9},"end":{"line":44,"column":46}},{"start":{"line":45,"column":9},"end":{"line":45,"column":24}}]},"6":{"line":47,"type":"if","locations":[{"start":{"line":47,"column":4},"end":{"line":47,"column":4}},{"start":{"line":47,"column":4},"end":{"line":47,"column":4}}]},"7":{"line":47,"type":"binary-expr","locations":[{"start":{"line":47,"column":8},"end":{"line":47,"column":24}},{"start":{"line":47,"column":29},"end":{"line":47,"column":54}},{"start":{"line":48,"column":29},"end":{"line":48,"column":66}}]}},"code":["/* This Source Code Form is subject to the terms of the Mozilla Public"," * License, v. 2.0. If a copy of the MPL was not distributed with this"," * file, You can obtain one at http://mozilla.org/MPL/2.0/. */","\"use strict\";","","var utils = require(\"../lib/utils\");","var console = utils.console;","","var DEBUG_VALUES = [\"binary\", \"verbose\", \"binaryArgs\", \"overload\", \"profile\"];","","function prepare(mode, program, actionCallback) {","  return function(commanderOptions) {","    return utils.getManifest({","      addonDir: program.addonDir","    }).then(function(manifest) {","      validateProgram(program);","      console.log(\"Starting jpm \" + mode + \" on \" +","                  (manifest.title || manifest.name));","      return actionCallback(manifest, commanderOptions);","    });","  };","}","exports.prepare = prepare;","","function isEmptyCommand(program) {","  if (!program.args.length) {","    return true;","  }","  if (!program.args.filter(function(a) {","    return typeof a === \"object\";","  }).length) {","    return true;","  }","  return false;","}","exports.isEmptyCommand = isEmptyCommand;","","function validateProgram(program) {","  Object.keys(program).filter(function(option) {","    return ~DEBUG_VALUES.indexOf(option);","  }).forEach(function(option) {","    if (program.verbose) {","      console.log(typeof program[option] !== \"boolean\" ?","        (option + \" set to \" + program[option]) :","        (option + \" set\"));","    }","    if (program.overload && (!process.env.JETPACK_ROOT &&","                             typeof program.overload === \"boolean\")) {","      console.warn(","        \"`overload` flag specified, but no `JETPACK_ROOT` environment \" +","          \"variable set. Using built in Firefox SDK instead.\");","    }","  });","}","exports.validateProgram = validateProgram;",""],"l":{"6":1,"7":1,"9":1,"11":1,"12":0,"13":0,"16":0,"17":0,"19":0,"23":1,"25":1,"26":0,"27":0,"29":0,"30":0,"32":0,"34":0,"36":1,"38":1,"39":0,"40":0,"42":0,"43":0,"47":0,"49":0,"55":1}},"/home/travis/build/npmtest/node-npmtest-jpm/node_modules/jpm/lib/utils.js":{"path":"/home/travis/build/npmtest/node-npmtest-jpm/node_modules/jpm/lib/utils.js","s":{"1":1,"2":1,"3":1,"4":1,"5":1,"6":1,"7":1,"8":1,"9":1,"10":1,"11":0,"12":0,"13":0,"14":0,"15":0,"16":1,"17":1,"18":1,"19":0,"20":0,"21":0,"22":0,"23":0,"24":0,"25":0,"26":0,"27":0,"28":0,"29":1,"30":1,"31":0,"32":1,"33":1,"34":0,"35":0,"36":0,"37":0,"38":0,"39":0,"40":0,"41":0,"42":0,"43":0,"44":0,"45":0,"46":0,"47":0,"48":0,"49":0,"50":1,"51":1,"52":0,"53":0,"54":0,"55":0,"56":0,"57":0,"58":0,"59":1,"60":0,"61":0,"62":0,"63":0,"64":0,"65":0,"66":0,"67":0,"68":0,"69":1,"70":1,"71":0,"72":0,"73":0,"74":0,"75":0,"76":0,"77":0,"78":0,"79":0,"80":0,"81":0,"82":0,"83":0,"84":0,"85":0,"86":0,"87":0,"88":0,"89":0,"90":0,"91":0,"92":0,"93":0,"94":0,"95":0,"96":0,"97":0,"98":0,"99":0,"100":0,"101":1,"102":1,"103":0,"104":0,"105":0},"b":{"1":[0,0],"2":[0,0],"3":[0,0],"4":[0,0],"5":[0,0],"6":[0,0],"7":[0,0],"8":[0,0],"9":[0,0],"10":[0,0],"11":[0,0],"12":[0,0],"13":[0,0],"14":[0,0],"15":[0,0],"16":[0,0],"17":[0,0],"18":[0,0],"19":[0,0],"20":[0,0]},"f":{"1":0,"2":0,"3":0,"4":0,"5":0,"6":0,"7":0,"8":0,"9":0,"10":0,"11":0,"12":0,"13":0,"14":0,"15":0,"16":0,"17":0,"18":0,"19":0,"20":0},"fnMap":{"1":{"name":"log","line":24,"loc":{"start":{"line":24,"column":0},"end":{"line":24,"column":19}}},"2":{"name":"getManifest","line":59,"loc":{"start":{"line":59,"column":0},"end":{"line":59,"column":30}}},"3":{"name":"(anonymous_3)","line":64,"loc":{"start":{"line":64,"column":22},"end":{"line":64,"column":48}}},"4":{"name":"(anonymous_4)","line":67,"loc":{"start":{"line":67,"column":14},"end":{"line":67,"column":32}}},"5":{"name":"getXpiInfoFromManifest","line":84,"loc":{"start":{"line":84,"column":0},"end":{"line":84,"column":42}}},"6":{"name":"getXpiInfo","line":102,"loc":{"start":{"line":102,"column":0},"end":{"line":102,"column":29}}},"7":{"name":"(anonymous_7)","line":104,"loc":{"start":{"line":104,"column":10},"end":{"line":104,"column":27}}},"8":{"name":"(anonymous_8)","line":113,"loc":{"start":{"line":113,"column":16},"end":{"line":113,"column":31}}},"9":{"name":"(anonymous_9)","line":122,"loc":{"start":{"line":122,"column":15},"end":{"line":122,"column":29}}},"10":{"name":"(anonymous_10)","line":128,"loc":{"start":{"line":128,"column":14},"end":{"line":128,"column":29}}},"11":{"name":"extractXPI","line":149,"loc":{"start":{"line":149,"column":0},"end":{"line":149,"column":29}}},"12":{"name":"(anonymous_12)","line":150,"loc":{"start":{"line":150,"column":22},"end":{"line":150,"column":48}}},"13":{"name":"(anonymous_13)","line":158,"loc":{"start":{"line":158,"column":12},"end":{"line":158,"column":49}}},"14":{"name":"cleanUpAndReject","line":159,"loc":{"start":{"line":159,"column":6},"end":{"line":159,"column":37}}},"15":{"name":"(anonymous_15)","line":168,"loc":{"start":{"line":168,"column":29},"end":{"line":168,"column":44}}},"16":{"name":"getXpiInfoFromInstallRdf","line":187,"loc":{"start":{"line":187,"column":0},"end":{"line":187,"column":46}}},"17":{"name":"(anonymous_17)","line":190,"loc":{"start":{"line":190,"column":11},"end":{"line":190,"column":32}}},"18":{"name":"(anonymous_18)","line":194,"loc":{"start":{"line":194,"column":10},"end":{"line":194,"column":27}}},"19":{"name":"(anonymous_19)","line":210,"loc":{"start":{"line":210,"column":27},"end":{"line":210,"column":41}}},"20":{"name":"fileExists","line":246,"loc":{"start":{"line":246,"column":0},"end":{"line":246,"column":30}}}},"statementMap":{"1":{"start":{"line":6,"column":0},"end":{"line":6,"column":26}},"2":{"start":{"line":7,"column":0},"end":{"line":7,"column":34}},"3":{"start":{"line":8,"column":0},"end":{"line":8,"column":23}},"4":{"start":{"line":9,"column":0},"end":{"line":9,"column":27}},"5":{"start":{"line":10,"column":0},"end":{"line":10,"column":25}},"6":{"start":{"line":11,"column":0},"end":{"line":11,"column":27}},"7":{"start":{"line":12,"column":0},"end":{"line":12,"column":34}},"8":{"start":{"line":13,"column":0},"end":{"line":13,"column":46}},"9":{"start":{"line":14,"column":0},"end":{"line":14,"column":31}},"10":{"start":{"line":24,"column":0},"end":{"line":34,"column":1}},"11":{"start":{"line":25,"column":2},"end":{"line":25,"column":55}},"12":{"start":{"line":26,"column":2},"end":{"line":26,"column":19}},"13":{"start":{"line":29,"column":2},"end":{"line":29,"column":62}},"14":{"start":{"line":31,"column":2},"end":{"line":33,"column":3}},"15":{"start":{"line":32,"column":4},"end":{"line":32,"column":57}},"16":{"start":{"line":36,"column":0},"end":{"line":42,"column":2}},"17":{"start":{"line":44,"column":0},"end":{"line":44,"column":44}},"18":{"start":{"line":59,"column":0},"end":{"line":81,"column":1}},"19":{"start":{"line":60,"column":2},"end":{"line":63,"column":14}},"20":{"start":{"line":64,"column":2},"end":{"line":80,"column":5}},"21":{"start":{"line":65,"column":4},"end":{"line":79,"column":5}},"22":{"start":{"line":66,"column":6},"end":{"line":70,"column":23}},"23":{"start":{"line":68,"column":10},"end":{"line":68,"column":36}},"24":{"start":{"line":72,"column":6},"end":{"line":72,"column":61}},"25":{"start":{"line":73,"column":6},"end":{"line":73,"column":24}},"26":{"start":{"line":74,"column":6},"end":{"line":76,"column":20}},"27":{"start":{"line":75,"column":8},"end":{"line":75,"column":33}},"28":{"start":{"line":78,"column":6},"end":{"line":78,"column":31}},"29":{"start":{"line":82,"column":0},"end":{"line":82,"column":34}},"30":{"start":{"line":84,"column":0},"end":{"line":90,"column":1}},"31":{"start":{"line":85,"column":2},"end":{"line":89,"column":5}},"32":{"start":{"line":91,"column":0},"end":{"line":91,"column":56}},"33":{"start":{"line":102,"column":0},"end":{"line":133,"column":1}},"34":{"start":{"line":103,"column":2},"end":{"line":132,"column":7}},"35":{"start":{"line":105,"column":6},"end":{"line":105,"column":18}},"36":{"start":{"line":106,"column":6},"end":{"line":106,"column":63}},"37":{"start":{"line":107,"column":6},"end":{"line":107,"column":65}},"38":{"start":{"line":109,"column":6},"end":{"line":119,"column":7}},"39":{"start":{"line":110,"column":8},"end":{"line":110,"column":63}},"40":{"start":{"line":111,"column":13},"end":{"line":119,"column":7}},"41":{"start":{"line":112,"column":8},"end":{"line":115,"column":13}},"42":{"start":{"line":114,"column":12},"end":{"line":114,"column":50}},"43":{"start":{"line":117,"column":8},"end":{"line":118,"column":71}},"44":{"start":{"line":121,"column":6},"end":{"line":131,"column":11}},"45":{"start":{"line":123,"column":10},"end":{"line":125,"column":24}},"46":{"start":{"line":124,"column":12},"end":{"line":124,"column":28}},"47":{"start":{"line":126,"column":10},"end":{"line":126,"column":20}},"48":{"start":{"line":129,"column":10},"end":{"line":129,"column":26}},"49":{"start":{"line":130,"column":10},"end":{"line":130,"column":22}},"50":{"start":{"line":134,"column":0},"end":{"line":134,"column":32}},"51":{"start":{"line":149,"column":0},"end":{"line":184,"column":1}},"52":{"start":{"line":150,"column":2},"end":{"line":183,"column":5}},"53":{"start":{"line":151,"column":4},"end":{"line":153,"column":5}},"54":{"start":{"line":152,"column":6},"end":{"line":152,"column":51}},"55":{"start":{"line":154,"column":4},"end":{"line":154,"column":36}},"56":{"start":{"line":155,"column":4},"end":{"line":157,"column":5}},"57":{"start":{"line":156,"column":6},"end":{"line":156,"column":65}},"58":{"start":{"line":158,"column":4},"end":{"line":182,"column":7}},"59":{"start":{"line":159,"column":6},"end":{"line":162,"column":7}},"60":{"start":{"line":160,"column":8},"end":{"line":160,"column":23}},"61":{"start":{"line":161,"column":8},"end":{"line":161,"column":20}},"62":{"start":{"line":163,"column":6},"end":{"line":165,"column":7}},"63":{"start":{"line":164,"column":8},"end":{"line":164,"column":37}},"64":{"start":{"line":167,"column":6},"end":{"line":167,"column":48}},"65":{"start":{"line":168,"column":6},"end":{"line":173,"column":9}},"66":{"start":{"line":169,"column":8},"end":{"line":172,"column":11}},"67":{"start":{"line":174,"column":6},"end":{"line":174,"column":45}},"68":{"start":{"line":175,"column":6},"end":{"line":177,"column":9}},"69":{"start":{"line":185,"column":0},"end":{"line":185,"column":32}},"70":{"start":{"line":187,"column":0},"end":{"line":243,"column":1}},"71":{"start":{"line":188,"column":2},"end":{"line":188,"column":35}},"72":{"start":{"line":189,"column":2},"end":{"line":242,"column":7}},"73":{"start":{"line":191,"column":6},"end":{"line":191,"column":64}},"74":{"start":{"line":192,"column":6},"end":{"line":192,"column":23}},"75":{"start":{"line":195,"column":6},"end":{"line":197,"column":8}},"76":{"start":{"line":199,"column":6},"end":{"line":199,"column":49}},"77":{"start":{"line":201,"column":6},"end":{"line":203,"column":7}},"78":{"start":{"line":202,"column":8},"end":{"line":202,"column":74}},"79":{"start":{"line":204,"column":6},"end":{"line":204,"column":69}},"80":{"start":{"line":205,"column":6},"end":{"line":207,"column":7}},"81":{"start":{"line":206,"column":8},"end":{"line":206,"column":70}},"82":{"start":{"line":209,"column":6},"end":{"line":209,"column":32}},"83":{"start":{"line":210,"column":6},"end":{"line":227,"column":9}},"84":{"start":{"line":211,"column":8},"end":{"line":211,"column":54}},"85":{"start":{"line":212,"column":8},"end":{"line":214,"column":9}},"86":{"start":{"line":213,"column":10},"end":{"line":213,"column":17}},"87":{"start":{"line":215,"column":8},"end":{"line":215,"column":29}},"88":{"start":{"line":219,"column":8},"end":{"line":219,"column":56}},"89":{"start":{"line":220,"column":8},"end":{"line":222,"column":9}},"90":{"start":{"line":221,"column":10},"end":{"line":221,"column":35}},"91":{"start":{"line":223,"column":8},"end":{"line":223,"column":71}},"92":{"start":{"line":224,"column":8},"end":{"line":226,"column":9}},"93":{"start":{"line":225,"column":10},"end":{"line":225,"column":45}},"94":{"start":{"line":229,"column":6},"end":{"line":233,"column":7}},"95":{"start":{"line":230,"column":8},"end":{"line":232,"column":27}},"96":{"start":{"line":234,"column":6},"end":{"line":236,"column":7}},"97":{"start":{"line":235,"column":8},"end":{"line":235,"column":55}},"98":{"start":{"line":237,"column":6},"end":{"line":239,"column":7}},"99":{"start":{"line":238,"column":8},"end":{"line":238,"column":60}},"100":{"start":{"line":241,"column":6},"end":{"line":241,"column":18}},"101":{"start":{"line":244,"column":0},"end":{"line":244,"column":60}},"102":{"start":{"line":246,"column":0},"end":{"line":252,"column":1}},"103":{"start":{"line":247,"column":2},"end":{"line":251,"column":3}},"104":{"start":{"line":248,"column":4},"end":{"line":248,"column":42}},"105":{"start":{"line":250,"column":4},"end":{"line":250,"column":17}}},"branchMap":{"1":{"line":31,"type":"if","locations":[{"start":{"line":31,"column":2},"end":{"line":31,"column":2}},{"start":{"line":31,"column":2},"end":{"line":31,"column":2}}]},"2":{"line":65,"type":"if","locations":[{"start":{"line":65,"column":4},"end":{"line":65,"column":4}},{"start":{"line":65,"column":4},"end":{"line":65,"column":4}}]},"3":{"line":109,"type":"if","locations":[{"start":{"line":109,"column":6},"end":{"line":109,"column":6}},{"start":{"line":109,"column":6},"end":{"line":109,"column":6}}]},"4":{"line":111,"type":"if","locations":[{"start":{"line":111,"column":13},"end":{"line":111,"column":13}},{"start":{"line":111,"column":13},"end":{"line":111,"column":13}}]},"5":{"line":151,"type":"if","locations":[{"start":{"line":151,"column":4},"end":{"line":151,"column":4}},{"start":{"line":151,"column":4},"end":{"line":151,"column":4}}]},"6":{"line":155,"type":"if","locations":[{"start":{"line":155,"column":4},"end":{"line":155,"column":4}},{"start":{"line":155,"column":4},"end":{"line":155,"column":4}}]},"7":{"line":163,"type":"if","locations":[{"start":{"line":163,"column":6},"end":{"line":163,"column":6}},{"start":{"line":163,"column":6},"end":{"line":163,"column":6}}]},"8":{"line":199,"type":"binary-expr","locations":[{"start":{"line":199,"column":17},"end":{"line":199,"column":27}},{"start":{"line":199,"column":31},"end":{"line":199,"column":48}}]},"9":{"line":201,"type":"if","locations":[{"start":{"line":201,"column":6},"end":{"line":201,"column":6}},{"start":{"line":201,"column":6},"end":{"line":201,"column":6}}]},"10":{"line":204,"type":"binary-expr","locations":[{"start":{"line":204,"column":25},"end":{"line":204,"column":41}},{"start":{"line":204,"column":45},"end":{"line":204,"column":68}}]},"11":{"line":205,"type":"if","locations":[{"start":{"line":205,"column":6},"end":{"line":205,"column":6}},{"start":{"line":205,"column":6},"end":{"line":205,"column":6}}]},"12":{"line":211,"type":"binary-expr","locations":[{"start":{"line":211,"column":20},"end":{"line":211,"column":31}},{"start":{"line":211,"column":35},"end":{"line":211,"column":53}}]},"13":{"line":212,"type":"if","locations":[{"start":{"line":212,"column":8},"end":{"line":212,"column":8}},{"start":{"line":212,"column":8},"end":{"line":212,"column":8}}]},"14":{"line":219,"type":"cond-expr","locations":[{"start":{"line":219,"column":33},"end":{"line":219,"column":48}},{"start":{"line":219,"column":51},"end":{"line":219,"column":55}}]},"15":{"line":220,"type":"if","locations":[{"start":{"line":220,"column":8},"end":{"line":220,"column":8}},{"start":{"line":220,"column":8},"end":{"line":220,"column":8}}]},"16":{"line":223,"type":"cond-expr","locations":[{"start":{"line":223,"column":43},"end":{"line":223,"column":63}},{"start":{"line":223,"column":66},"end":{"line":223,"column":70}}]},"17":{"line":224,"type":"if","locations":[{"start":{"line":224,"column":8},"end":{"line":224,"column":8}},{"start":{"line":224,"column":8},"end":{"line":224,"column":8}}]},"18":{"line":229,"type":"if","locations":[{"start":{"line":229,"column":6},"end":{"line":229,"column":6}},{"start":{"line":229,"column":6},"end":{"line":229,"column":6}}]},"19":{"line":234,"type":"if","locations":[{"start":{"line":234,"column":6},"end":{"line":234,"column":6}},{"start":{"line":234,"column":6},"end":{"line":234,"column":6}}]},"20":{"line":237,"type":"if","locations":[{"start":{"line":237,"column":6},"end":{"line":237,"column":6}},{"start":{"line":237,"column":6},"end":{"line":237,"column":6}}]}},"code":["/* This Source Code Form is subject to the terms of the Mozilla Public"," * License, v. 2.0. If a copy of the MPL was not distributed with this"," * file, You can obtain one at http://mozilla.org/MPL/2.0/. */","\"use strict\";","","var _ = require(\"lodash\");","var getID = require(\"jetpack-id\");","var fs = require(\"fs\");","var path = require(\"path\");","var tmp = require(\"tmp\");","var when = require(\"when\");","var nodefn = require(\"when/node\");","var DecompressZip = require(\"decompress-zip\");","var xml2js = require(\"xml2js\");","","/**"," * Exports a `console` object that has several methods"," * similar to a traditional console like `log`, `warn`, `error`,"," * and `verbose`, which feed through a simple logging messenger."," *"," * @param {String} type"," * @param {String} messages..."," */","function log(type) {","  var messages = Array.prototype.slice.call(arguments);","  messages.shift();","  // Concatenate default strings and first message argument into","  // one string so we can use `printf`-like replacement","  var first = \"JPM [\" + type + \"] \" + (messages.shift() + \"\");","","  if (process.env.NODE_ENV !== \"test\") {","    console.log.apply(console, [first].concat(messages)); // eslint-disable-line no-console","  }","}","","var jpmConsole = {","  info: log.bind(null, \"info\"),","  log: log.bind(null, \"info\"),","  warn: log.bind(null, \"warning\"),","  error: log.bind(null, \"error\"),","  debug: log.bind(null, \"debug\")","};","","exports.console = Object.freeze(jpmConsole);","","/**"," * Returns the `package.json` manifest as an object"," * from the `cwd`, or `null` if not found."," * If you pass in an optional XPI filename, the manifest will be returned"," * from this directory after a temporary XPI extraction."," *"," * @param {Object} options"," *        - `addonDir` directory of the add-on source code, defaulting"," *          to the working directory."," *        - `xpiPath` a path to an XPI file where the manifest resides."," *          Without this, the current working directory is assumed."," * @return {Promise} resolves to a manifest object"," */","function getManifest(options) {","  options = _.assign({","    addonDir: process.cwd(),","    xpiP
[...]
,"7":{"name":"(anonymous_7)","line":46,"loc":{"start":{"line":46,"column":10},"end":{"line":46,"column":28}}},"8":{"name":"setupPrefs","line":52,"loc":{"start":{"line":52,"column":0},"end":{"line":52,"column":33}}},"9":{"name":"(anonymous_9)","line":53,"loc":{"start":{"line":53,"column":22},"end":{"line":53,"column":40}}}},"statementMap":{"1":{"start":{"line":6,"column":0},"end":{"line":6,"column":23}},"2":{"start":{"line":7,"column":0},"end":{"line":7,"column":27}},"3":{"start":{"line":8,"column":0},"end":{"line":8,"column":35}},"4":{"start":{"line":9,"column":0},"end":{"line":9,"column":38}},"5":{"start":{"line":10,"column":0},"end":{"line":10,"column":31}},"6":{"start":{"line":11,"column":0},"end":{"line":11,"column":57}},"7":{"start":{"line":12,"column":0},"end":{"line":12,"column":34}},"8":{"start":{"line":13,"column":0},"end":{"line":13,"column":27}},"9":{"start":{"line":14,"column":0},"end":{"line":14,"column":27}},"10":{"start":{"line":15,"column":0},"end":{"line":15,"column":41}},"11":{"start":{"line":17,"column":0},"end":{"line":22,"column":1}},"12":{"start":{"line":18,"column":2},"end":{"line":21,"column":4}},"13":{"start":{"line":19,"column":4},"end":{"line":19,"column":26}},"14":{"start":{"line":20,"column":4},"end":{"line":20,"column":18}},"15":{"start":{"line":24,"column":0},"end":{"line":28,"column":1}},"16":{"start":{"line":25,"column":2},"end":{"line":27,"column":5}},"17":{"start":{"line":26,"column":4},"end":{"line":26,"column":19}},"18":{"start":{"line":30,"column":0},"end":{"line":49,"column":1}},"19":{"start":{"line":31,"column":2},"end":{"line":31,"column":49}},"20":{"start":{"line":32,"column":2},"end":{"line":32,"column":27}},"21":{"start":{"line":34,"column":2},"end":{"line":36,"column":3}},"22":{"start":{"line":35,"column":4},"end":{"line":35,"column":34}},"23":{"start":{"line":38,"column":2},"end":{"line":48,"column":7}},"24":{"start":{"line":40,"column":6},"end":{"line":40,"column":36}},"25":{"start":{"line":47,"column":6},"end":{"line":47,"column":43}},"26":{"start":{"line":50,"column":0},"end":{"line":50,"column":25}},"27":{"start":{"line":52,"column":0},"end":{"line":63,"column":1}},"28":{"start":{"line":53,"column":2},"end":{"line":62,"column":5}},"29":{"start":{"line":54,"column":4},"end":{"line":59,"column":5}},"30":{"start":{"line":55,"column":6},"end":{"line":55,"column":63}},"31":{"start":{"line":56,"column":6},"end":{"line":56,"column":59}},"32":{"start":{"line":58,"column":6},"end":{"line":58,"column":25}},"33":{"start":{"line":60,"column":4},"end":{"line":60,"column":46}},"34":{"start":{"line":61,"column":4},"end":{"line":61,"column":28}},"35":{"start":{"line":64,"column":0},"end":{"line":64,"column":32}}},"branchMap":{"1":{"line":31,"type":"binary-expr","locations":[{"start":{"line":31,"column":12},"end":{"line":31,"column":19}},{"start":{"line":31,"column":23},"end":{"line":31,"column":48}}]},"2":{"line":34,"type":"if","locations":[{"start":{"line":34,"column":2},"end":{"line":34,"column":2}},{"start":{"line":34,"column":2},"end":{"line":34,"column":2}}]},"3":{"line":54,"type":"if","locations":[{"start":{"line":54,"column":4},"end":{"line":54,"column":4}},{"start":{"line":54,"column":4},"end":{"line":54,"column":4}}]}},"code":["/* This Source Code Form is subject to the terms of the Mozilla Public"," * License, v. 2.0. If a copy of the MPL was not distributed with this"," * file, You can obtain one at http://mozilla.org/MPL/2.0/. */","\"use strict\";","","var os = require(\"os\");","var xpi = require(\"./xpi\");","var profile = require(\"./profile\");","var runFirefox = require(\"./firefox\");","var fs = require(\"fs-promise\");","var includePrefs = require(\"./preferences\").includePrefs;","var getID = require(\"jetpack-id\");","var when = require(\"when\");","var path = require(\"path\");","var console = require(\"./utils\").console;","","function extendWith(source, field) {","  return function(value) {","    source[field] = value;","    return source;","  };","}","","function removeXPI(options) {","  return fs.unlink(options.xpi).then(function() {","    return options;","  });","}","","function execute(manifest, options) {","  options = options || {addonDir: process.cwd()};","  var id = getID(manifest);","","  if (~[\"run\", \"test\"].indexOf(options.command)) {","    options.xpiPath = os.tmpdir();","  }","","  return setupPrefs(id, options)","    .then(function() {","      return xpi(manifest, options);","    })","    .then(extendWith(options, \"xpi\"))","    .then(profile.createProfile)","    .then(extendWith(options, \"profile\"))","    .then(removeXPI)","    .then(function(options) {","      return runFirefox(manifest, options);","    });","}","module.exports = execute;","","function setupPrefs(id, options) {","  return when.promise(function(resolve) {","    if (options.prefs) {","      console.log(\"Using custom preferences \" + options.prefs);","      options.prefs = require(path.resolve(options.prefs));","    } else {","      options.prefs = {};","    }","    options.prefs = includePrefs(id, options);","    return resolve(options);","  });","}","exports.setupPrefs = setupPrefs;",""],"l":{"6":1,"7":1,"8":1,"9":1,"10":1,"11":1,"12":1,"13":1,"14":1,"15":1,"17":1,"18":0,"19":0,"20":0,"24":1,"25":0,"26":0,"30":1,"31":0,"32":0,"34":0,"35":0,"38":0,"40":0,"47":0,"50":1,"52":1,"53":0,"54":0,"55":0,"56":0,"58":0,"60":0,"61":0,"64":1}},"/home/travis/build/npmtest/node-npmtest-jpm/node_modules/jpm/lib/sign.js":{"path":"/home/travis/build/npmtest/node-npmtest-jpm/node_modules/jpm/lib/sign.js","s":{"1":1,"2":1,"3":1,"4":1,"5":1,"6":1,"7":1,"8":1,"9":1,"10":1,"11":1,"12":0,"13":0,"14":0,"15":0,"16":0,"17":1,"18":1,"19":0,"20":0,"21":0,"22":0,"23":0,"24":0,"25":0,"26":0,"27":0,"28":0,"29":0,"30":0,"31":0,"32":0,"33":0,"34":0,"35":0,"36":0,"37":0,"38":0,"39":0,"40":0,"41":0,"42":0,"43":0,"44":0,"45":0,"46":0,"47":0,"48":0,"49":0,"50":0,"51":0,"52":1,"53":1,"54":0,"55":0,"56":0,"57":0,"58":0,"59":0,"60":0,"61":0,"62":0,"63":0,"64":1},"b":{"1":[0,0],"2":[0,0],"3":[0,0],"4":[0,0],"5":[0,0],"6":[0,0],"7":[0,0],"8":[0,0],"9":[0,0],"10":[0,0],"11":[0,0],"12":[0,0]},"f":{"1":0,"2":0,"3":0,"4":0,"5":0,"6":0,"7":0,"8":0,"9":0,"10":0,"11":0,"12":0,"13":0,"14":0,"15":0,"16":0},"fnMap":{"1":{"name":"getXpiInfoForSigning","line":19,"loc":{"start":{"line":19,"column":0},"end":{"line":19,"column":39}}},"2":{"name":"(anonymous_2)","line":27,"loc":{"start":{"line":27,"column":12},"end":{"line":27,"column":31}}},"3":{"name":"sign","line":36,"loc":{"start":{"line":36,"column":0},"end":{"line":36,"column":31}}},"4":{"name":"(anonymous_4)","line":48,"loc":{"start":{"line":48,"column":22},"end":{"line":48,"column":48}}},"5":{"name":"(anonymous_5)","line":54,"loc":{"start":{"line":54,"column":20},"end":{"line":54,"column":34}}},"6":{"name":"(anonymous_6)","line":61,"loc":{"start":{"line":61,"column":29},"end":{"line":61,"column":44}}},"7":{"name":"(anonymous_7)","line":73,"loc":{"start":{"line":73,"column":10},"end":{"line":73,"column":28}}},"8":{"name":"(anonymous_8)","line":83,"loc":{"start":{"line":83,"column":14},"end":{"line":83,"column":34}}},"9":{"name":"(anonymous_9)","line":91,"loc":{"start":{"line":91,"column":18},"end":{"line":91,"column":36}}},"10":{"name":"(anonymous_10)","line":100,"loc":{"start":{"line":100,"column":10},"end":{"line":100,"column":28}}},"11":{"name":"(anonymous_11)","line":123,"loc":{"start":{"line":123,"column":12},"end":{"line":123,"column":29}}},"12":{"name":"signCmd","line":135,"loc":{"start":{"line":135,"column":0},"end":{"line":135,"column":43}}},"13":{"name":"(anonymous_13)","line":139,"loc":{"start":{"line":139,"column":22},"end":{"line":139,"column":48}}},"14":{"name":"(anonymous_14)","line":141,"loc":{"start":{"line":141,"column":10},"end":{"line":141,"column":21}}},"15":{"name":"(anonymous_15)","line":143,"loc":{"start":{"line":143,"column":10},"end":{"line":143,"column":27}}},"16":{"name":"(anonymous_16)","line":146,"loc":{"start":{"line":146,"column":11},"end":{"line":146,"column":25}}}},"statementMap":{"1":{"start":{"line":6,"column":0},"end":{"line":6,"column":26}},"2":{"start":{"line":7,"column":0},"end":{"line":7,"column":25}},"3":{"start":{"line":8,"column":0},"end":{"line":8,"column":34}},"4":{"start":{"line":9,"column":0},"end":{"line":9,"column":27}},"5":{"start":{"line":10,"column":0},"end":{"line":10,"column":55}},"6":{"start":{"line":12,"column":0},"end":{"line":12,"column":27}},"7":{"start":{"line":13,"column":0},"end":{"line":13,"column":31}},"8":{"start":{"line":14,"column":0},"end":{"line":14,"column":27}},"9":{"start":{"line":15,"column":0},"end":{"line":15,"column":27}},"10":{"start":{"line":17,"column":0},"end":{"line":17,"column":58}},"11":{"start":{"line":19,"column":0},"end":{"line":33,"column":1}},"12":{"start":{"line":20,"column":2},"end":{"line":23,"column":14}},"13":{"start":{"line":25,"column":2},"end":{"line":32,"column":3}},"14":{"start":{"line":26,"column":4},"end":{"line":29,"column":9}},"15":{"start":{"line":28,"column":8},"end":{"line":28,"column":54}},"16":{"start":{"line":31,"column":4},"end":{"line":31,"column":45}},"17":{"start":{"line":34,"column":0},"end":{"line":34,"column":52}},"18":{"start":{"line":36,"column":0},"end":{"line":132,"column":1}},"19":{"start":{"line":37,"column":2},"end":{"line":41,"column":13}},"20":{"start":{"line":43,"column":2},"end":{"line":46,"column":14}},"21":{"start":{"line":48,"column":2},"end":{"line":131,"column":5}},"22":{"start":{"line":49,"column":4},"end":{"line":49,"column":28}},"23":{"start":{"line":50,"column":4},"end":{"line":53,"column":6}},"24":{"start":{"line":54,"column":4},"end":{"line":58,"column":7}},"25":{"start":{"line":55,"column":6},"end":{"line":57,"column":7}},"26":{"start":{"line":56,"column":8},"end":{"line":56,"column":38}},"27":{"start":{"line":59,"column":4},"end":{"line":66,"column":5}},"28":{"start":{"line":60,"column":6},"end":{"line":60,"column":22}},"29":{"start":{"line":61,"column":6},"end":{"line":63,"column":9}},"30":{"start":{"line":62,"column":8},"end":{"line":62,"column":69}},"31":{"start":{"line":64,"column":6},"end":{"line":64,"column":22}},"32":{"start":{"line":65,"column":6},"end":{"line":65,"column":22}},"33":{"start":{"line":68,"column":4},"end":{"line":71,"column":8}},"34":{"start":{"line":74,"column":4},"end":{"line":99,"column":5}},"35":{"start":{"line":75,"column":6},"end":{"line":75,"column":48}},"36":{"start":{"line":76,"column":6},"end":{"line":76,"column":55}},"37":{"start":{"line":78,"column":6},"end":{"line":78,"column":46}},"38":{"start":{"line":79,"column":6},"end":{"line":98,"column":11}},"39":{"start":{"line":84,"column":10},"end":{"line":84,"column":36}},"40":{"start":{"line":85,"column":10},"end":{"line":85,"column":42}},"41":{"start":{"line":86,"column":10},"end":{"line":88,"column":13}},"42":{"start":{"line":90,"column":10},"end":{"line":97,"column":15}},"43":{"start":{"line":92,"column":14},"end":{"line":92,"column":64}},"44":{"start":{"line":93,"column":14},"end":{"line":96,"column":17}},"45":{"start":{"line":102,"column":4},"end":{"line":111,"column":5}},"46":{"start":{"line":103,"column":6},"end":{"line":110,"column":80}},"47":{"start":{"line":113,"column":4},"end":{"line":129,"column":7}},"48":{"start":{"line":124,"column":6},"end":{"line":127,"column":7}},"49":{"start":{"line":125,"column":8},"end":{"line":125,"column":55}},"50":{"start":{"line":126,"column":8},"end":{"line":126,"column":26}},"51":{"start":{"line":128,"column":6},"end":{"line":128,"column":20}},"52":{"start":{"line":133,"column":0},"end":{"line":133,"column":20}},"53":{"start":{"line":135,"column":0},"end":{"line":153,"column":1}},"54":{"start":{"line":136,"column":2},"end":{"line":138,"column":13}},"55":{"start":{"line":139,"column":2},"end":{"line":152,"column":5}},"56":{"start":{"line":140,"column":4},"end":{"line":140,"column":42}},"57":{"start":{"line":142,"column":4},"end":{"line":142,"column":56}},"58":{"start":{"line":144,"column":4},"end":{"line":144,"column":52}},"59":{"start":{"line":145,"column":4},"end":{"line":145,"column":54}},"60":{"start":{"line":147,"column":4},"end":{"line":147,"column":25}},"61":{"start":{"line":148,"column":4},"end":{"line":150,"column":5}},"62":{"start":{"line":149,"column":6},"end":{"line":149,"column":31}},"63":{"start":{"line":151,"column":4},"end":{"line":151,"column":33}},"64":{"start":{"line":154,"column":0},"end":{"line":154,"column":26}}},"branchMap":{"1":{"line":25,"type":"if","locations":[{"start":{"line":25,"column":2},"end":{"line":25,"column":2}},{"start":{"line":25,"column":2},"end":{"line":25,"column":2}}]},"2":{"line":55,"type":"if","locations":[{"start":{"line":55,"column":6},"end":{"line":55,"column":6}},{"start":{"line":55,"column":6},"end":{"line":55,"column":6}}]},"3":{"line":59,"type":"if","locations":[{"start":{"line":59,"column":4},"end":{"line":59,"column":4}},{"start":{"line":59,"column":4},"end":{"line":59,"column":4}}]},"4":{"line":74,"type":"if","locations":[{"start":{"line":74,"column":4},"end":{"line":74,"column":4}},{"start":{"line":74,"column":4},"end":{"line":74,"column":4}}]},"5":{"line":102,"type":"if","locations":[{"start":{"line":102,"column":4},"end":{"line":102,"column":4}},{"start":{"line":102,"column":4},"end":{"line":102,"column":4}}]},"6":{"line":102,"type":"binary-expr","locations":[{"start":{"line":102,"column":8},"end":{"line":102,"column":19}},{"start":{"line":102,"column":23},"end":{"line":102,"column":39}}]},"7":{"line":120,"type":"binary-expr","locations":[{"start":{"line":120,"column":16},"end":{"line":120,"column":32}},{"start":{"line":120,"column":36},"end":{"line":120,"column":45}}]},"8":{"line":122,"type":"binary-expr","locations":[{"start":{"line":122,"column":15},"end":{"line":122,"column":30}},{"start":{"line":122,"column":34},"end":{"line":122,"column":43}}]},"9":{"line":124,"type":"if","locations":[{"start":{"line":124,"column":6},"end":{"line":124,"column":6}},{"start":{"line":124,"column":6},"end":{"line":124,"column":6}}]},"10":{"line":144,"type":"cond-expr","locations":[{"start":{"line":144,"column":32},"end":{"line":144,"column":41}},{"start":{"line":144,"column":44},"end":{"line":144,"column":50}}]},"11":{"line":145,"type":"cond-expr","locations":[{"start":{"line":145,"column":47},"end":{"line":145,"column":48}},{"start":{"line":145,"column":51},"end":{"line":145,"column":52}}]},"12":{"line":148,"type":"if","locations":[{"start":{"line":148,"column":4},"end":{"line":148,"column":4}},{"start":{"line":148,"column":4},"end":{"line":148,"column":4}}]}},"code":["/* This Source Code Form is subject to the terms of the Mozilla Public"," * License, v. 2.0. If a copy of the MPL was not distributed with this"," * file, You can obtain one at http://mozilla.org/MPL/2.0/. */","\"use strict\";","","var _ = require(\"lodash\");","var tmp = require(\"tmp\");","var nodefn = require(\"when/node\");","var when = require(\"when\");","var DefaultAddonSigner = require(\"sign-addon\").default;","","var cmd = require(\"./cmd\");","var utils = require(\"./utils\");","var logger = utils.console;","var xpi = require(\"./xpi\");","","var AMO_API_PREFIX = require(\"./settings\").AMO_API_PREFIX;","","function getXpiInfoForSigning(options) {","  options = _.assign({","    addonDir: process.cwd(),","    xpiPath: null,","  }, options);","","  if (!options.xpiPath) {","    return utils.getManifest({addonDir: options.addonDir})","      .then(function(manifest) {","        return utils.getXpiInfoFromManifest(manifest);","      });","  } else {","    return utils.getXpiInfo(options.xpiPath);","  }","}","exports.getXpiInfoForSigning = getXpiInfoForSigning;","","function sign(options, config) {","  config = _.assign({","    createXPI: xpi,","    signAddon: DefaultAddonSigner,","    getXpiInfoForSigning: getXpiInfoForSigning,","  }, config);","","  options = _.assign({","    addonDir: process.cwd(),","    apiUrlPrefix: AMO_API_PREFIX,","  }, options);","","  return when.promise(function(resolve, reject) {","    var missingOptions = [];","    var toCheck = [","      {value: options.apiKey, flag: \"--api-key\"},","      {value: options.apiSecret, flag: \"--api-secret\"},","    ];","    toCheck.forEach(function(opt) {","      if (!opt.value) {","        missingOptions.push(opt.flag);","      }","    });","    if (missingOptions.length) {","      console.error(); // eslint-disable-line no-console","      missingOptions.forEach(function(flag) {","        console.error(\"  error: missing required option `%s'\", flag); // eslint-disable-line no-console","      });","      console.error(); // eslint-disable-line no-console","      return reject();","    }","","    resolve(config.getXpiInfoForSigning({","      addonDir: options.addonDir,","      xpiPath: options.xpi,","    }));","","  }).then(function(xpiInfo) {","    if (options.xpi) {","      logger.log(\"Signing XPI: \" + options.xpi);","      return _.assign(xpiInfo, {xpiPath: options.xpi});","    } else {","      var createTmpDir = nodefn.lift(tmp.dir);","      return createTmpDir({","        prefix: \"tmp-unsigned-xpi-\",","        unsafeCleanup: true,","      })","        .then(function(tmpResult) {","          var tmpDir = tmpResult[0];","          var removeTmpDir = tmpResult[1];","          var xpiOptions = _.assign({}, options, {","            xpiPath: tmpDir,","          });","","          return config.createXPI(xpiInfo.manifest, xpiOptions)","            .then(function(xpiPath) {","              logger.log(\"Created XPI for signing: \" + xpiPath);","              return _.assign(xpiInfo, {","                xpiPath: xpiPath,","                cleanUp: removeTmpDir,","              });","            });","        });","    }","  }).then(function(xpiInfo) {","","    if (!xpiInfo.id || !xpiInfo.version) {","      throw new Error(","          \"Could not detect this XPI's ID and/or version\\n\\n\" +","          \"Troubleshooting:\\n\" +","          \"- Are you in the right directory? If not, try --addon-dir\\n\" +","          \"- Are you really in a directory of SDK add-on source? If not, try \" +","             \"signing with the --xpi option\\n\" +","          \"- Is your manifest ID valid? See \" +","          \"https://developer.mozilla.org/en-US/Add-ons/Install_Manifests#id\\n\");","    }","","    return config.signAddon({","      xpiPath: xpiInfo.xpiPath,","      id: xpiInfo.id,","      version: xpiInfo.version,","      apiKey: options.apiKey,","      apiSecret: options.apiSecret,","      apiUrlPrefix: options.apiUrlPrefix,","      apiProxy: options.apiProxy || undefined,","      verbose: options.verbose,","      timeout: options.timeout || undefined","    }).then(function(result) {","      if (typeof xpiInfo.cleanUp !== \"undefined\") {","        logger.debug(\"cleaning up XPI temp directory\");","        xpiInfo.cleanUp();","      }","      return result;","    });","","  });","}","exports.sign = sign;","","function signCmd(program, options, config) {","  config = _.assign({","    systemProcess: process,","  }, config);","  return when.promise(function(resolve, reject) {","    resolve(cmd.validateProgram(program));","  }).then(function() {","    return sign(_.assign({}, options, program), config);","  }).then(function(result) {","    logger.log(result.success ? \"SUCCESS\" : \"FAIL\");","    config.systemProcess.exit(result.success ? 0 : 1);","  }).catch(function(err) {","    logger.error(\"FAIL\");","    if (err) {","      console.error(err.stack); // eslint-disable-line no-console","    }","    config.systemProcess.exit(1);","  });","}","exports.signCmd = signCmd;",""],"l":{"6":1,"7":1,"8":1,"9":1,"10":1,"12":1,"13":1,"14":1,"15":1,"17":1,"19":1,"20":0,"25":0,"26":0,"28":0,"31":0,"34":1,"36":1,"37":0,"43":0,"48":0,"49":0,"50":0,"54":0,"55":0,"56":0,"59":0,"60":0,"61":0,"62":0,"64":0,"65":0,"68":0,"74":0,"75":0,"76":0,"78":0,"79":0,"84":0,"85":0,"86":0,"90":0,"92":0,"93":0,"102":0,"103":0,"113":0,"124":0,"125":0,"126":0,"128":0,"133":1,"135":1,"136":0,"139":0,"140":0,"142":0,"144":0,"145":0,"147":0,"148":0,"149":0,"151":0,"154":1}}}